
 fe = 0 

fi = 0 

== ---- _____________ seed : 1
== ---- _____________ seed : 2
== ---- _____________ seed : 3
== ---- _____________ seed : 4
== ---- _____________ seed : 5
== ---- _____________ seed : 6
== ---- _____________ seed : 7
== ---- _____________ seed : 8
== ---- _____________ seed : 9
== ---- _____________ seed : 10
== ---- _____________ seed : 11
== ---- _____________ seed : 12
== ---- _____________ seed : 13
== ---- _____________ seed : 14
== ---- _____________ seed : 15
== ---- _____________ seed : 16
== ---- _____________ seed : 17
== ---- _____________ seed : 18
== ---- _____________ seed : 19
== ---- ===> Fout : 0.0
numerical TF data saved in : data/RS-cell_seizure_CONFIG1/fe_0.0_fi_0.0.npy
The value of W is 0.0
fi = .1000 

== ---- _____________ seed : 1
== ---- _____________ seed : 2
== ---- _____________ seed : 3
== ---- _____________ seed : 4
== ---- _____________ seed : 5
== ---- _____________ seed : 6
== ---- _____________ seed : 7
== ---- _____________ seed : 8
== ---- _____________ seed : 9
== ---- _____________ seed : 10
== ---- _____________ seed : 11
== ---- _____________ seed : 12
== ---- _____________ seed : 13
== ---- _____________ seed : 14
== ---- _____________ seed : 15
== ---- _____________ seed : 16
== ---- _____________ seed : 17
== ---- _____________ seed : 18
== ---- _____________ seed : 19
== ---- ===> Fout : 0.0
numerical TF data saved in : data/RS-cell_seizure_CONFIG1/fe_0.0_fi_0.1.npy
The value of W is 0.0
fi = .2000 

== ---- _____________ seed : 1
== ---- _____________ seed : 2
== ---- _____________ seed : 3
== ---- _____________ seed : 4
== ---- _____________ seed : 5
== ---- _____________ seed : 6
== ---- _____________ seed : 7
== ---- _____________ seed : 8
== ---- _____________ seed : 9
== ---- _____________ seed : 10
== ---- _____________ seed : 11
== ---- _____________ seed : 12
== ---- _____________ seed : 13
== ---- _____________ seed : 14
== ---- _____________ seed : 15
== ---- _____________ seed : 16
== ---- _____________ seed : 17
== ---- _____________ seed : 18
== ---- _____________ seed : 19
== ---- ===> Fout : 0.0
numerical TF data saved in : data/RS-cell_seizure_CONFIG1/fe_0.0_fi_0.2.npy
The value of W is 0.0
fi = .3000 

== ---- _____________ seed : 1
== ---- _____________ seed : 2
== ---- _____________ seed : 3
== ---- _____________ seed : 4
== ---- _____________ seed : 5
== ---- _____________ seed : 6
== ---- _____________ seed : 7
== ---- _____________ seed : 8
== ---- _____________ seed : 9
== ---- _____________ seed : 10
== ---- _____________ seed : 11
== ---- _____________ seed : 12
== ---- _____________ seed : 13
== ---- _____________ seed : 14
== ---- _____________ seed : 15
== ---- _____________ seed : 16
== ---- _____________ seed : 17
== ---- _____________ seed : 18
== ---- _____________ seed : 19
== ---- ===> Fout : 0.0
numerical TF data saved in : data/RS-cell_seizure_CONFIG1/fe_0.0_fi_0.3.npy
The value of W is 0.0
fi = .4000 

== ---- _____________ seed : 1
== ---- _____________ seed : 2
== ---- _____________ seed : 3
== ---- _____________ seed : 4
== ---- _____________ seed : 5
== ---- _____________ seed : 6
== ---- _____________ seed : 7
== ---- _____________ seed : 8
== ---- _____________ seed : 9
== ---- _____________ seed : 10
== ---- _____________ seed : 11
== ---- _____________ seed : 12
== ---- _____________ seed : 13
== ---- _____________ seed : 14
== ---- _____________ seed : 15
== ---- _____________ seed : 16
== ---- _____________ seed : 17
== ---- _____________ seed : 18
== ---- _____________ seed : 19
== ---- ===> Fout : 0.0
numerical TF data saved in : data/RS-cell_seizure_CONFIG1/fe_0.0_fi_0.4.npy
The value of W is 0.0
fi = .5000 

== ---- _____________ seed : 1
== ---- _____________ seed : 2
== ---- _____________ seed : 3
== ---- _____________ seed : 4
== ---- _____________ seed : 5
== ---- _____________ seed : 6
== ---- _____________ seed : 7
== ---- _____________ seed : 8
== ---- _____________ seed : 9
== ---- _____________ seed : 10
== ---- _____________ seed : 11
== ---- _____________ seed : 12
== ---- _____________ seed : 13
== ---- _____________ seed : 14
== ---- _____________ seed : 15
== ---- _____________ seed : 16
== ---- _____________ seed : 17
== ---- _____________ seed : 18
== ---- _____________ seed : 19
== ---- ===> Fout : 0.0
numerical TF data saved in : data/RS-cell_seizure_CONFIG1/fe_0.0_fi_0.5.npy
The value of W is 0.0
fi = .6000 

== ---- _____________ seed : 1
== ---- _____________ seed : 2
== ---- _____________ seed : 3
== ---- _____________ seed : 4
== ---- _____________ seed : 5
== ---- _____________ seed : 6
== ---- _____________ seed : 7
== ---- _____________ seed : 8
== ---- _____________ seed : 9
== ---- _____________ seed : 10
== ---- _____________ seed : 11
== ---- _____________ seed : 12
== ---- _____________ seed : 13
== ---- _____________ seed : 14
== ---- _____________ seed : 15
== ---- _____________ seed : 16
== ---- _____________ seed : 17
== ---- _____________ seed : 18
== ---- _____________ seed : 19
== ---- ===> Fout : 0.0
numerical TF data saved in : data/RS-cell_seizure_CONFIG1/fe_0.0_fi_0.6.npy
The value of W is 0.0
fi = .7000 

== ---- _____________ seed : 1
== ---- _____________ seed : 2
== ---- _____________ seed : 3
== ---- _____________ seed : 4
== ---- _____________ seed : 5
== ---- _____________ seed : 6
== ---- _____________ seed : 7
== ---- _____________ seed : 8
== ---- _____________ seed : 9
== ---- _____________ seed : 10
== ---- _____________ seed : 11
== ---- _____________ seed : 12
== ---- _____________ seed : 13
== ---- _____________ seed : 14
== ---- _____________ seed : 15
== ---- _____________ seed : 16
== ---- _____________ seed : 17
== ---- _____________ seed : 18
== ---- _____________ seed : 19
== ---- ===> Fout : 0.0
numerical TF data saved in : data/RS-cell_seizure_CONFIG1/fe_0.0_fi_0.7.npy
The value of W is 0.0
fi = .8000 

== ---- _____________ seed : 1
== ---- _____________ seed : 2
== ---- _____________ seed : 3
== ---- _____________ seed : 4
== ---- _____________ seed : 5
== ---- _____________ seed : 6
== ---- _____________ seed : 7
== ---- _____________ seed : 8
== ---- _____________ seed : 9
== ---- _____________ seed : 10
== ---- _____________ seed : 11
== ---- _____________ seed : 12
== ---- _____________ seed : 13
== ---- _____________ seed : 14
== ---- _____________ seed : 15
== ---- _____________ seed : 16
== ---- _____________ seed : 17
== ---- _____________ seed : 18
== ---- _____________ seed : 19
== ---- ===> Fout : 0.0
numerical TF data saved in : data/RS-cell_seizure_CONFIG1/fe_0.0_fi_0.8.npy
The value of W is 0.0
fi = .9000 

== ---- _____________ seed : 1
== ---- _____________ seed : 2
== ---- _____________ seed : 3
== ---- _____________ seed : 4
== ---- _____________ seed : 5
== ---- _____________ seed : 6
== ---- _____________ seed : 7
== ---- _____________ seed : 8
== ---- _____________ seed : 9
== ---- _____________ seed : 10
== ---- _____________ seed : 11
== ---- _____________ seed : 12
== ---- _____________ seed : 13
== ---- _____________ seed : 14
== ---- _____________ seed : 15
== ---- _____________ seed : 16
== ---- _____________ seed : 17
== ---- _____________ seed : 18
== ---- _____________ seed : 19
== ---- ===> Fout : 0.0
numerical TF data saved in : data/RS-cell_seizure_CONFIG1/fe_0.0_fi_0.9.npy
The value of W is 0.0
fi = 1.0000 

== ---- _____________ seed : 1
== ---- _____________ seed : 2
== ---- _____________ seed : 3
== ---- _____________ seed : 4
== ---- _____________ seed : 5
== ---- _____________ seed : 6
== ---- _____________ seed : 7
== ---- _____________ seed : 8
== ---- _____________ seed : 9
== ---- _____________ seed : 10
== ---- _____________ seed : 11
== ---- _____________ seed : 12
== ---- _____________ seed : 13
== ---- _____________ seed : 14
== ---- _____________ seed : 15
== ---- _____________ seed : 16
== ---- _____________ seed : 17
== ---- _____________ seed : 18
== ---- _____________ seed : 19
== ---- ===> Fout : 0.0
numerical TF data saved in : data/RS-cell_seizure_CONFIG1/fe_0.0_fi_1.0.npy
The value of W is 0.0
fi = 1.1000 

== ---- _____________ seed : 1
== ---- _____________ seed : 2
== ---- _____________ seed : 3
== ---- _____________ seed : 4
== ---- _____________ seed : 5
== ---- _____________ seed : 6
== ---- _____________ seed : 7
== ---- _____________ seed : 8
== ---- _____________ seed : 9
== ---- _____________ seed : 10
== ---- _____________ seed : 11
== ---- _____________ seed : 12
== ---- _____________ seed : 13
== ---- _____________ seed : 14
== ---- _____________ seed : 15
== ---- _____________ seed : 16
== ---- _____________ seed : 17
== ---- _____________ seed : 18
== ---- _____________ seed : 19
== ---- ===> Fout : 0.0
numerical TF data saved in : data/RS-cell_seizure_CONFIG1/fe_0.0_fi_1.1.npy
The value of W is 0.0
fi = 1.2000 

== ---- _____________ seed : 1
== ---- _____________ seed : 2
== ---- _____________ seed : 3
== ---- _____________ seed : 4
== ---- _____________ seed : 5
== ---- _____________ seed : 6
== ---- _____________ seed : 7
== ---- _____________ seed : 8
== ---- _____________ seed : 9
== ---- _____________ seed : 10
== ---- _____________ seed : 11
== ---- _____________ seed : 12
== ---- _____________ seed : 13
== ---- _____________ seed : 14
== ---- _____________ seed : 15
== ---- _____________ seed : 16
== ---- _____________ seed : 17
== ---- _____________ seed : 18
== ---- _____________ seed : 19
== ---- ===> Fout : 0.0
numerical TF data saved in : data/RS-cell_seizure_CONFIG1/fe_0.0_fi_1.2.npy
The value of W is 0.0
fi = 1.3000 

== ---- _____________ seed : 1
== ---- _____________ seed : 2
== ---- _____________ seed : 3
== ---- _____________ seed : 4
== ---- _____________ seed : 5
== ---- _____________ seed : 6
== ---- _____________ seed : 7
== ---- _____________ seed : 8
== ---- _____________ seed : 9
== ---- _____________ seed : 10
== ---- _____________ seed : 11
== ---- _____________ seed : 12
== ---- _____________ seed : 13
== ---- _____________ seed : 14
== ---- _____________ seed : 15
== ---- _____________ seed : 16
== ---- _____________ seed : 17
== ---- _____________ seed : 18
== ---- _____________ seed : 19
== ---- ===> Fout : 0.0
numerical TF data saved in : data/RS-cell_seizure_CONFIG1/fe_0.0_fi_1.3.npy
The value of W is 0.0
fi = 1.4000 

== ---- _____________ seed : 1
== ---- _____________ seed : 2
== ---- _____________ seed : 3
== ---- _____________ seed : 4
== ---- _____________ seed : 5
== ---- _____________ seed : 6
== ---- _____________ seed : 7
== ---- _____________ seed : 8
== ---- _____________ seed : 9
== ---- _____________ seed : 10
== ---- _____________ seed : 11
== ---- _____________ seed : 12
== ---- _____________ seed : 13
== ---- _____________ seed : 14
== ---- _____________ seed : 15
== ---- _____________ seed : 16
== ---- _____________ seed : 17
== ---- _____________ seed : 18
== ---- _____________ seed : 19
== ---- ===> Fout : 0.0
numerical TF data saved in : data/RS-cell_seizure_CONFIG1/fe_0.0_fi_1.4.npy
The value of W is 0.0
fi = 1.5000 

== ---- _____________ seed : 1
== ---- _____________ seed : 2
== ---- _____________ seed : 3
== ---- _____________ seed : 4
== ---- _____________ seed : 5
== ---- _____________ seed : 6
== ---- _____________ seed : 7
== ---- _____________ seed : 8
== ---- _____________ seed : 9
== ---- _____________ seed : 10
== ---- _____________ seed : 11
== ---- _____________ seed : 12
== ---- _____________ seed : 13
== ---- _____________ seed : 14
== ---- _____________ seed : 15
== ---- _____________ seed : 16
== ---- _____________ seed : 17
== ---- _____________ seed : 18
== ---- _____________ seed : 19
== ---- ===> Fout : 0.0
numerical TF data saved in : data/RS-cell_seizure_CONFIG1/fe_0.0_fi_1.5.npy
The value of W is 0.0
fi = 1.6000 

== ---- _____________ seed : 1
== ---- _____________ seed : 2
== ---- _____________ seed : 3
== ---- _____________ seed : 4
== ---- _____________ seed : 5
== ---- _____________ seed : 6
== ---- _____________ seed : 7
== ---- _____________ seed : 8
== ---- _____________ seed : 9
== ---- _____________ seed : 10
== ---- _____________ seed : 11
== ---- _____________ seed : 12
== ---- _____________ seed : 13
== ---- _____________ seed : 14
== ---- _____________ seed : 15
== ---- _____________ seed : 16
== ---- _____________ seed : 17
== ---- _____________ seed : 18
== ---- _____________ seed : 19
== ---- ===> Fout : 0.0
numerical TF data saved in : data/RS-cell_seizure_CONFIG1/fe_0.0_fi_1.6.npy
The value of W is 0.0
fi = 1.7000 

== ---- _____________ seed : 1
== ---- _____________ seed : 2
== ---- _____________ seed : 3
== ---- _____________ seed : 4
== ---- _____________ seed : 5
== ---- _____________ seed : 6
== ---- _____________ seed : 7
== ---- _____________ seed : 8
== ---- _____________ seed : 9
== ---- _____________ seed : 10
== ---- _____________ seed : 11
== ---- _____________ seed : 12
== ---- _____________ seed : 13
== ---- _____________ seed : 14
== ---- _____________ seed : 15
== ---- _____________ seed : 16
== ---- _____________ seed : 17
== ---- _____________ seed : 18
== ---- _____________ seed : 19
== ---- ===> Fout : 0.0
numerical TF data saved in : data/RS-cell_seizure_CONFIG1/fe_0.0_fi_1.7.npy
The value of W is 0.0
fi = 1.8000 

== ---- _____________ seed : 1
== ---- _____________ seed : 2
== ---- _____________ seed : 3
== ---- _____________ seed : 4
== ---- _____________ seed : 5
== ---- _____________ seed : 6
== ---- _____________ seed : 7
== ---- _____________ seed : 8
== ---- _____________ seed : 9
== ---- _____________ seed : 10
== ---- _____________ seed : 11
== ---- _____________ seed : 12
== ---- _____________ seed : 13
== ---- _____________ seed : 14
== ---- _____________ seed : 15
== ---- _____________ seed : 16
== ---- _____________ seed : 17
== ---- _____________ seed : 18
== ---- _____________ seed : 19
== ---- ===> Fout : 0.0
numerical TF data saved in : data/RS-cell_seizure_CONFIG1/fe_0.0_fi_1.8.npy
The value of W is 0.0
fi = 1.9000 

== ---- _____________ seed : 1
== ---- _____________ seed : 2
== ---- _____________ seed : 3
== ---- _____________ seed : 4
== ---- _____________ seed : 5
== ---- _____________ seed : 6
== ---- _____________ seed : 7
== ---- _____________ seed : 8
== ---- _____________ seed : 9
== ---- _____________ seed : 10
== ---- _____________ seed : 11
== ---- _____________ seed : 12
== ---- _____________ seed : 13
== ---- _____________ seed : 14
== ---- _____________ seed : 15
== ---- _____________ seed : 16
== ---- _____________ seed : 17
== ---- _____________ seed : 18
== ---- _____________ seed : 19
== ---- ===> Fout : 0.0
numerical TF data saved in : data/RS-cell_seizure_CONFIG1/fe_0.0_fi_1.9.npy
The value of W is 0.0
fi = 2.0000 

== ---- _____________ seed : 1
== ---- _____________ seed : 2
== ---- _____________ seed : 3
== ---- _____________ seed : 4
== ---- _____________ seed : 5
== ---- _____________ seed : 6
== ---- _____________ seed : 7
== ---- _____________ seed : 8
== ---- _____________ seed : 9
== ---- _____________ seed : 10
== ---- _____________ seed : 11
== ---- _____________ seed : 12
== ---- _____________ seed : 13
== ---- _____________ seed : 14
== ---- _____________ seed : 15
== ---- _____________ seed : 16
== ---- _____________ seed : 17
== ---- _____________ seed : 18
== ---- _____________ seed : 19
== ---- ===> Fout : 0.0
numerical TF data saved in : data/RS-cell_seizure_CONFIG1/fe_0.0_fi_2.0.npy
The value of W is 0.0
fi = 2.1000 

== ---- _____________ seed : 1
== ---- _____________ seed : 2
== ---- _____________ seed : 3
== ---- _____________ seed : 4
== ---- _____________ seed : 5
== ---- _____________ seed : 6
== ---- _____________ seed : 7
== ---- _____________ seed : 8
== ---- _____________ seed : 9
== ---- _____________ seed : 10
== ---- _____________ seed : 11
== ---- _____________ seed : 12
== ---- _____________ seed : 13
== ---- _____________ seed : 14
== ---- _____________ seed : 15
== ---- _____________ seed : 16
== ---- _____________ seed : 17
== ---- _____________ seed : 18
== ---- _____________ seed : 19
== ---- ===> Fout : 0.0
numerical TF data saved in : data/RS-cell_seizure_CONFIG1/fe_0.0_fi_2.1.npy
The value of W is 0.0
fi = 2.2000 

== ---- _____________ seed : 1
== ---- _____________ seed : 2
== ---- _____________ seed : 3
== ---- _____________ seed : 4
== ---- _____________ seed : 5
== ---- _____________ seed : 6
== ---- _____________ seed : 7
== ---- _____________ seed : 8
== ---- _____________ seed : 9
== ---- _____________ seed : 10
== ---- _____________ seed : 11
== ---- _____________ seed : 12
== ---- _____________ seed : 13
== ---- _____________ seed : 14
== ---- _____________ seed : 15
== ---- _____________ seed : 16
== ---- _____________ seed : 17
== ---- _____________ seed : 18
== ---- _____________ seed : 19
== ---- ===> Fout : 0.0
numerical TF data saved in : data/RS-cell_seizure_CONFIG1/fe_0.0_fi_2.2.npy
The value of W is 0.0
fi = 2.3000 

== ---- _____________ seed : 1
== ---- _____________ seed : 2
== ---- _____________ seed : 3
== ---- _____________ seed : 4
== ---- _____________ seed : 5
== ---- _____________ seed : 6
== ---- _____________ seed : 7
== ---- _____________ seed : 8
== ---- _____________ seed : 9
== ---- _____________ seed : 10
== ---- _____________ seed : 11
== ---- _____________ seed : 12
== ---- _____________ seed : 13
== ---- _____________ seed : 14
== ---- _____________ seed : 15
== ---- _____________ seed : 16
== ---- _____________ seed : 17
== ---- _____________ seed : 18
== ---- _____________ seed : 19
== ---- ===> Fout : 0.0
numerical TF data saved in : data/RS-cell_seizure_CONFIG1/fe_0.0_fi_2.3.npy
The value of W is 0.0
fi = 2.4000 

== ---- _____________ seed : 1
== ---- _____________ seed : 2
== ---- _____________ seed : 3
== ---- _____________ seed : 4
== ---- _____________ seed : 5
== ---- _____________ seed : 6
== ---- _____________ seed : 7
== ---- _____________ seed : 8
== ---- _____________ seed : 9
== ---- _____________ seed : 10
== ---- _____________ seed : 11
== ---- _____________ seed : 12
== ---- _____________ seed : 13
== ---- _____________ seed : 14
== ---- _____________ seed : 15
== ---- _____________ seed : 16
== ---- _____________ seed : 17
== ---- _____________ seed : 18
== ---- _____________ seed : 19
== ---- ===> Fout : 0.0
numerical TF data saved in : data/RS-cell_seizure_CONFIG1/fe_0.0_fi_2.4.npy
The value of W is 0.0
fi = 2.5000 

== ---- _____________ seed : 1
== ---- _____________ seed : 2
== ---- _____________ seed : 3
== ---- _____________ seed : 4
== ---- _____________ seed : 5
== ---- _____________ seed : 6
== ---- _____________ seed : 7
== ---- _____________ seed : 8
== ---- _____________ seed : 9
== ---- _____________ seed : 10
== ---- _____________ seed : 11
== ---- _____________ seed : 12
== ---- _____________ seed : 13
== ---- _____________ seed : 14
== ---- _____________ seed : 15
== ---- _____________ seed : 16
== ---- _____________ seed : 17
== ---- _____________ seed : 18
== ---- _____________ seed : 19
== ---- ===> Fout : 0.0
numerical TF data saved in : data/RS-cell_seizure_CONFIG1/fe_0.0_fi_2.5.npy
The value of W is 0.0
fi = 2.6000 

== ---- _____________ seed : 1
== ---- _____________ seed : 2
== ---- _____________ seed : 3
== ---- _____________ seed : 4
== ---- _____________ seed : 5
== ---- _____________ seed : 6
== ---- _____________ seed : 7
== ---- _____________ seed : 8
== ---- _____________ seed : 9
== ---- _____________ seed : 10
== ---- _____________ seed : 11
== ---- _____________ seed : 12
== ---- _____________ seed : 13
== ---- _____________ seed : 14
== ---- _____________ seed : 15
== ---- _____________ seed : 16
== ---- _____________ seed : 17
== ---- _____________ seed : 18
== ---- _____________ seed : 19
== ---- ===> Fout : 0.0
numerical TF data saved in : data/RS-cell_seizure_CONFIG1/fe_0.0_fi_2.6.npy
The value of W is 0.0
fi = 2.7000 

== ---- _____________ seed : 1
== ---- _____________ seed : 2
== ---- _____________ seed : 3
== ---- _____________ seed : 4
== ---- _____________ seed : 5
== ---- _____________ seed : 6
== ---- _____________ seed : 7
== ---- _____________ seed : 8
== ---- _____________ seed : 9
== ---- _____________ seed : 10
== ---- _____________ seed : 11
== ---- _____________ seed : 12
== ---- _____________ seed : 13
== ---- _____________ seed : 14
== ---- _____________ seed : 15
== ---- _____________ seed : 16
== ---- _____________ seed : 17
== ---- _____________ seed : 18
== ---- _____________ seed : 19
== ---- ===> Fout : 0.0
numerical TF data saved in : data/RS-cell_seizure_CONFIG1/fe_0.0_fi_2.7.npy
The value of W is 0.0
fi = 2.8000 

== ---- _____________ seed : 1
== ---- _____________ seed : 2
== ---- _____________ seed : 3
== ---- _____________ seed : 4
== ---- _____________ seed : 5
== ---- _____________ seed : 6
== ---- _____________ seed : 7
== ---- _____________ seed : 8
== ---- _____________ seed : 9
== ---- _____________ seed : 10
== ---- _____________ seed : 11
== ---- _____________ seed : 12
== ---- _____________ seed : 13
== ---- _____________ seed : 14
== ---- _____________ seed : 15
== ---- _____________ seed : 16
== ---- _____________ seed : 17
== ---- _____________ seed : 18
== ---- _____________ seed : 19
== ---- ===> Fout : 0.0
numerical TF data saved in : data/RS-cell_seizure_CONFIG1/fe_0.0_fi_2.8.npy
The value of W is 0.0
fi = 2.9000 

== ---- _____________ seed : 1
== ---- _____________ seed : 2
== ---- _____________ seed : 3
== ---- _____________ seed : 4
== ---- _____________ seed : 5
== ---- _____________ seed : 6
== ---- _____________ seed : 7
== ---- _____________ seed : 8
== ---- _____________ seed : 9
== ---- _____________ seed : 10
== ---- _____________ seed : 11
== ---- _____________ seed : 12
== ---- _____________ seed : 13
== ---- _____________ seed : 14
== ---- _____________ seed : 15
== ---- _____________ seed : 16
== ---- _____________ seed : 17
== ---- _____________ seed : 18
== ---- _____________ seed : 19
== ---- ===> Fout : 0.0
numerical TF data saved in : data/RS-cell_seizure_CONFIG1/fe_0.0_fi_2.9.npy
The value of W is 0.0
fi = 3.0000 

== ---- _____________ seed : 1
== ---- _____________ seed : 2
== ---- _____________ seed : 3
== ---- _____________ seed : 4
== ---- _____________ seed : 5
== ---- _____________ seed : 6
== ---- _____________ seed : 7
== ---- _____________ seed : 8
== ---- _____________ seed : 9
== ---- _____________ seed : 10
== ---- _____________ seed : 11
== ---- _____________ seed : 12
== ---- _____________ seed : 13
== ---- _____________ seed : 14
== ---- _____________ seed : 15
== ---- _____________ seed : 16
== ---- _____________ seed : 17
== ---- _____________ seed : 18
== ---- _____________ seed : 19
== ---- ===> Fout : 0.0
numerical TF data saved in : data/RS-cell_seizure_CONFIG1/fe_0.0_fi_3.0.npy
The value of W is 0.0
fi = 3.1000 

== ---- _____________ seed : 1
== ---- _____________ seed : 2
== ---- _____________ seed : 3
== ---- _____________ seed : 4
== ---- _____________ seed : 5
== ---- _____________ seed : 6
== ---- _____________ seed : 7
== ---- _____________ seed : 8
== ---- _____________ seed : 9
== ---- _____________ seed : 10
== ---- _____________ seed : 11
== ---- _____________ seed : 12
== ---- _____________ seed : 13
== ---- _____________ seed : 14
== ---- _____________ seed : 15
== ---- _____________ seed : 16
== ---- _____________ seed : 17
== ---- _____________ seed : 18
== ---- _____________ seed : 19
== ---- ===> Fout : 0.0
numerical TF data saved in : data/RS-cell_seizure_CONFIG1/fe_0.0_fi_3.1.npy
The value of W is 0.0
fi = 3.2000 

== ---- _____________ seed : 1
== ---- _____________ seed : 2
== ---- _____________ seed : 3
== ---- _____________ seed : 4
== ---- _____________ seed : 5
== ---- _____________ seed : 6
== ---- _____________ seed : 7
== ---- _____________ seed : 8
== ---- _____________ seed : 9
== ---- _____________ seed : 10
== ---- _____________ seed : 11
== ---- _____________ seed : 12
== ---- _____________ seed : 13
== ---- _____________ seed : 14
== ---- _____________ seed : 15
== ---- _____________ seed : 16
== ---- _____________ seed : 17
== ---- _____________ seed : 18
== ---- _____________ seed : 19
== ---- ===> Fout : 0.0
numerical TF data saved in : data/RS-cell_seizure_CONFIG1/fe_0.0_fi_3.2.npy
The value of W is 0.0
fi = 3.3000 

== ---- _____________ seed : 1
== ---- _____________ seed : 2
== ---- _____________ seed : 3
== ---- _____________ seed : 4
== ---- _____________ seed : 5
== ---- _____________ seed : 6
== ---- _____________ seed : 7
== ---- _____________ seed : 8
== ---- _____________ seed : 9
== ---- _____________ seed : 10
== ---- _____________ seed : 11
== ---- _____________ seed : 12
== ---- _____________ seed : 13
== ---- _____________ seed : 14
== ---- _____________ seed : 15
== ---- _____________ seed : 16
== ---- _____________ seed : 17
== ---- _____________ seed : 18
== ---- _____________ seed : 19
== ---- ===> Fout : 0.0
numerical TF data saved in : data/RS-cell_seizure_CONFIG1/fe_0.0_fi_3.3.npy
The value of W is 0.0
