
 fe = 0 

fi = 0 

== ---- _____________ seed : 1
== ---- _____________ seed : 2
== ---- _____________ seed : 3
== ---- _____________ seed : 4
== ---- _____________ seed : 5
== ---- _____________ seed : 6
== ---- _____________ seed : 7
== ---- _____________ seed : 8
== ---- _____________ seed : 9
== ---- _____________ seed : 10
== ---- _____________ seed : 11
== ---- _____________ seed : 12
== ---- _____________ seed : 13
== ---- _____________ seed : 14
== ---- _____________ seed : 15
== ---- _____________ seed : 16
== ---- _____________ seed : 17
== ---- _____________ seed : 18
== ---- _____________ seed : 19
== ---- ===> Fout : 0.0
numerical TF data saved in : data/RS-cell_seizure_CONFIG1/fe_0.0_fi_0.0.npy
The value of W is 0.0
fi = .5000 

== ---- _____________ seed : 1
== ---- _____________ seed : 2
== ---- _____________ seed : 3
== ---- _____________ seed : 4
== ---- _____________ seed : 5
== ---- _____________ seed : 6
== ---- _____________ seed : 7
== ---- _____________ seed : 8
== ---- _____________ seed : 9
== ---- _____________ seed : 10
== ---- _____________ seed : 11
== ---- _____________ seed : 12
== ---- _____________ seed : 13
== ---- _____________ seed : 14
== ---- _____________ seed : 15
== ---- _____________ seed : 16
== ---- _____________ seed : 17
== ---- _____________ seed : 18
== ---- _____________ seed : 19
== ---- ===> Fout : 0.0
numerical TF data saved in : data/RS-cell_seizure_CONFIG1/fe_0.0_fi_0.5.npy
The value of W is 0.0
fi = 1.0000 

== ---- _____________ seed : 1
== ---- _____________ seed : 2
== ---- _____________ seed : 3
== ---- _____________ seed : 4
== ---- _____________ seed : 5
== ---- _____________ seed : 6
== ---- _____________ seed : 7
== ---- _____________ seed : 8
== ---- _____________ seed : 9
== ---- _____________ seed : 10
== ---- _____________ seed : 11
== ---- _____________ seed : 12
== ---- _____________ seed : 13
== ---- _____________ seed : 14
== ---- _____________ seed : 15
== ---- _____________ seed : 16
== ---- _____________ seed : 17
== ---- _____________ seed : 18
== ---- _____________ seed : 19
== ---- ===> Fout : 0.0
numerical TF data saved in : data/RS-cell_seizure_CONFIG1/fe_0.0_fi_1.0.npy
The value of W is 0.0
fi = 1.5000 

== ---- _____________ seed : 1
== ---- _____________ seed : 2
== ---- _____________ seed : 3
== ---- _____________ seed : 4
== ---- _____________ seed : 5
== ---- _____________ seed : 6
== ---- _____________ seed : 7
== ---- _____________ seed : 8
== ---- _____________ seed : 9
== ---- _____________ seed : 10
== ---- _____________ seed : 11
== ---- _____________ seed : 12
== ---- _____________ seed : 13
== ---- _____________ seed : 14
== ---- _____________ seed : 15
== ---- _____________ seed : 16
== ---- _____________ seed : 17
== ---- _____________ seed : 18
== ---- _____________ seed : 19
== ---- ===> Fout : 0.0
numerical TF data saved in : data/RS-cell_seizure_CONFIG1/fe_0.0_fi_1.5.npy
The value of W is 0.0
fi = 2.0000 

== ---- _____________ seed : 1
== ---- _____________ seed : 2
== ---- _____________ seed : 3
== ---- _____________ seed : 4
== ---- _____________ seed : 5
== ---- _____________ seed : 6
== ---- _____________ seed : 7
== ---- _____________ seed : 8
== ---- _____________ seed : 9
== ---- _____________ seed : 10
== ---- _____________ seed : 11
== ---- _____________ seed : 12
== ---- _____________ seed : 13
== ---- _____________ seed : 14
== ---- _____________ seed : 15
== ---- _____________ seed : 16
== ---- _____________ seed : 17
== ---- _____________ seed : 18
== ---- _____________ seed : 19
== ---- ===> Fout : 0.0
numerical TF data saved in : data/RS-cell_seizure_CONFIG1/fe_0.0_fi_2.0.npy
The value of W is 0.0
fi = 2.5000 

== ---- _____________ seed : 1
== ---- _____________ seed : 2
== ---- _____________ seed : 3
== ---- _____________ seed : 4
== ---- _____________ seed : 5
== ---- _____________ seed : 6
== ---- _____________ seed : 7
== ---- _____________ seed : 8
== ---- _____________ seed : 9
== ---- _____________ seed : 10
== ---- _____________ seed : 11
== ---- _____________ seed : 12
== ---- _____________ seed : 13
== ---- _____________ seed : 14
== ---- _____________ seed : 15
== ---- _____________ seed : 16
== ---- _____________ seed : 17
== ---- _____________ seed : 18
== ---- _____________ seed : 19
== ---- ===> Fout : 0.0
numerical TF data saved in : data/RS-cell_seizure_CONFIG1/fe_0.0_fi_2.5.npy
The value of W is 0.0
fi = 3.0000 

== ---- _____________ seed : 1
== ---- _____________ seed : 2
== ---- _____________ seed : 3
== ---- _____________ seed : 4
== ---- _____________ seed : 5
== ---- _____________ seed : 6
== ---- _____________ seed : 7
== ---- _____________ seed : 8
== ---- _____________ seed : 9
== ---- _____________ seed : 10
== ---- _____________ seed : 11
== ---- _____________ seed : 12
== ---- _____________ seed : 13
== ---- _____________ seed : 14
== ---- _____________ seed : 15
== ---- _____________ seed : 16
== ---- _____________ seed : 17
== ---- _____________ seed : 18
== ---- _____________ seed : 19
== ---- ===> Fout : 0.0
numerical TF data saved in : data/RS-cell_seizure_CONFIG1/fe_0.0_fi_3.0.npy
The value of W is 0.0
fi = 3.5000 

== ---- _____________ seed : 1
== ---- _____________ seed : 2
== ---- _____________ seed : 3
== ---- _____________ seed : 4
== ---- _____________ seed : 5
== ---- _____________ seed : 6
== ---- _____________ seed : 7
== ---- _____________ seed : 8
== ---- _____________ seed : 9
== ---- _____________ seed : 10
== ---- _____________ seed : 11
== ---- _____________ seed : 12
== ---- _____________ seed : 13
== ---- _____________ seed : 14
== ---- _____________ seed : 15
== ---- _____________ seed : 16
== ---- _____________ seed : 17
== ---- _____________ seed : 18
== ---- _____________ seed : 19
== ---- ===> Fout : 0.0
numerical TF data saved in : data/RS-cell_seizure_CONFIG1/fe_0.0_fi_3.5.npy
The value of W is 0.0
fi = 4.0000 

== ---- _____________ seed : 1
== ---- _____________ seed : 2
== ---- _____________ seed : 3
== ---- _____________ seed : 4
== ---- _____________ seed : 5
== ---- _____________ seed : 6
== ---- _____________ seed : 7
== ---- _____________ seed : 8
== ---- _____________ seed : 9
== ---- _____________ seed : 10
== ---- _____________ seed : 11
== ---- _____________ seed : 12
== ---- _____________ seed : 13
== ---- _____________ seed : 14
== ---- _____________ seed : 15
== ---- _____________ seed : 16
== ---- _____________ seed : 17
== ---- _____________ seed : 18
== ---- _____________ seed : 19
== ---- ===> Fout : 0.0
numerical TF data saved in : data/RS-cell_seizure_CONFIG1/fe_0.0_fi_4.0.npy
The value of W is 0.0
fi = 4.5000 

== ---- _____________ seed : 1
== ---- _____________ seed : 2
== ---- _____________ seed : 3
== ---- _____________ seed : 4
== ---- _____________ seed : 5
== ---- _____________ seed : 6
== ---- _____________ seed : 7
== ---- _____________ seed : 8
== ---- _____________ seed : 9
== ---- _____________ seed : 10
== ---- _____________ seed : 11
== ---- _____________ seed : 12
== ---- _____________ seed : 13
== ---- _____________ seed : 14
== ---- _____________ seed : 15
== ---- _____________ seed : 16
== ---- _____________ seed : 17
== ---- _____________ seed : 18
== ---- _____________ seed : 19
== ---- ===> Fout : 0.0
numerical TF data saved in : data/RS-cell_seizure_CONFIG1/fe_0.0_fi_4.5.npy
The value of W is 0.0
fi = 5.0000 

== ---- _____________ seed : 1
== ---- _____________ seed : 2
== ---- _____________ seed : 3
== ---- _____________ seed : 4
== ---- _____________ seed : 5
== ---- _____________ seed : 6
== ---- _____________ seed : 7
== ---- _____________ seed : 8
== ---- _____________ seed : 9
== ---- _____________ seed : 10
== ---- _____________ seed : 11
== ---- _____________ seed : 12
== ---- _____________ seed : 13
== ---- _____________ seed : 14
== ---- _____________ seed : 15
== ---- _____________ seed : 16
== ---- _____________ seed : 17
== ---- _____________ seed : 18
== ---- _____________ seed : 19
== ---- ===> Fout : 0.0
numerical TF data saved in : data/RS-cell_seizure_CONFIG1/fe_0.0_fi_5.0.npy
The value of W is 0.0
fi = 5.5000 

== ---- _____________ seed : 1
== ---- _____________ seed : 2
== ---- _____________ seed : 3
== ---- _____________ seed : 4
== ---- _____________ seed : 5
== ---- _____________ seed : 6
== ---- _____________ seed : 7
== ---- _____________ seed : 8
== ---- _____________ seed : 9
== ---- _____________ seed : 10
== ---- _____________ seed : 11
== ---- _____________ seed : 12
== ---- _____________ seed : 13
== ---- _____________ seed : 14
== ---- _____________ seed : 15
== ---- _____________ seed : 16
== ---- _____________ seed : 17
== ---- _____________ seed : 18
== ---- _____________ seed : 19
== ---- ===> Fout : 0.0
numerical TF data saved in : data/RS-cell_seizure_CONFIG1/fe_0.0_fi_5.5.npy
The value of W is 0.0
fi = 6.0000 

== ---- _____________ seed : 1
== ---- _____________ seed : 2
== ---- _____________ seed : 3
== ---- _____________ seed : 4
== ---- _____________ seed : 5
== ---- _____________ seed : 6
== ---- _____________ seed : 7
== ---- _____________ seed : 8
== ---- _____________ seed : 9
== ---- _____________ seed : 10
== ---- _____________ seed : 11
== ---- _____________ seed : 12
== ---- _____________ seed : 13
== ---- _____________ seed : 14
== ---- _____________ seed : 15
== ---- _____________ seed : 16
== ---- _____________ seed : 17
== ---- _____________ seed : 18
== ---- _____________ seed : 19
== ---- ===> Fout : 0.0
numerical TF data saved in : data/RS-cell_seizure_CONFIG1/fe_0.0_fi_6.0.npy
The value of W is 0.0
fi = 6.5000 

== ---- _____________ seed : 1
== ---- _____________ seed : 2
== ---- _____________ seed : 3
== ---- _____________ seed : 4
== ---- _____________ seed : 5
== ---- _____________ seed : 6
== ---- _____________ seed : 7
== ---- _____________ seed : 8
== ---- _____________ seed : 9
== ---- _____________ seed : 10
== ---- _____________ seed : 11
== ---- _____________ seed : 12
== ---- _____________ seed : 13
== ---- _____________ seed : 14
== ---- _____________ seed : 15
== ---- _____________ seed : 16
== ---- _____________ seed : 17
== ---- _____________ seed : 18
== ---- _____________ seed : 19
== ---- ===> Fout : 0.0
numerical TF data saved in : data/RS-cell_seizure_CONFIG1/fe_0.0_fi_6.5.npy
The value of W is 0.0
fi = 7.0000 

== ---- _____________ seed : 1
== ---- _____________ seed : 2
== ---- _____________ seed : 3
== ---- _____________ seed : 4
== ---- _____________ seed : 5
== ---- _____________ seed : 6
== ---- _____________ seed : 7
== ---- _____________ seed : 8
== ---- _____________ seed : 9
== ---- _____________ seed : 10
== ---- _____________ seed : 11
== ---- _____________ seed : 12
== ---- _____________ seed : 13
== ---- _____________ seed : 14
== ---- _____________ seed : 15
== ---- _____________ seed : 16
== ---- _____________ seed : 17
== ---- _____________ seed : 18
== ---- _____________ seed : 19
== ---- ===> Fout : 0.0
numerical TF data saved in : data/RS-cell_seizure_CONFIG1/fe_0.0_fi_7.0.npy
The value of W is 0.0
