
 fe = 10.0000 

fi = 20.0000 

== ---- _____________ seed : 1
== ---- _____________ seed : 2
== ---- _____________ seed : 3
== ---- _____________ seed : 4
== ---- _____________ seed : 5
== ---- _____________ seed : 6
== ---- _____________ seed : 7
== ---- _____________ seed : 8
== ---- _____________ seed : 9
== ---- _____________ seed : 10
== ---- _____________ seed : 11
== ---- _____________ seed : 12
== ---- _____________ seed : 13
== ---- _____________ seed : 14
== ---- _____________ seed : 15
== ---- _____________ seed : 16
== ---- _____________ seed : 17
== ---- _____________ seed : 18
== ---- _____________ seed : 19
== ---- ===> Fout : 8.520042600213
numerical TF data saved in : data/RS-cell_seizure_CONFIG1/fe_10.0_fi_20.0.npy
The value of W is 2.8177556575935565e-10
fi = 20.1000 

== ---- _____________ seed : 1
== ---- _____________ seed : 2
== ---- _____________ seed : 3
== ---- _____________ seed : 4
== ---- _____________ seed : 5
== ---- _____________ seed : 6
== ---- _____________ seed : 7
== ---- _____________ seed : 8
== ---- _____________ seed : 9
== ---- _____________ seed : 10
== ---- _____________ seed : 11
== ---- _____________ seed : 12
== ---- _____________ seed : 13
== ---- _____________ seed : 14
== ---- _____________ seed : 15
== ---- _____________ seed : 16
== ---- _____________ seed : 17
== ---- _____________ seed : 18
== ---- _____________ seed : 19
== ---- ===> Fout : 8.540042700213501
numerical TF data saved in : data/RS-cell_seizure_CONFIG1/fe_10.0_fi_20.1.npy
The value of W is 2.864608777720525e-10
fi = 20.2000 

== ---- _____________ seed : 1
== ---- _____________ seed : 2
== ---- _____________ seed : 3
== ---- _____________ seed : 4
== ---- _____________ seed : 5
== ---- _____________ seed : 6
== ---- _____________ seed : 7
== ---- _____________ seed : 8
== ---- _____________ seed : 9
== ---- _____________ seed : 10
== ---- _____________ seed : 11
== ---- _____________ seed : 12
== ---- _____________ seed : 13
== ---- _____________ seed : 14
== ---- _____________ seed : 15
== ---- _____________ seed : 16
== ---- _____________ seed : 17
== ---- _____________ seed : 18
== ---- _____________ seed : 19
== ---- ===> Fout : 8.3400417002085
numerical TF data saved in : data/RS-cell_seizure_CONFIG1/fe_10.0_fi_20.2.npy
The value of W is 2.804092022092001e-10
fi = 20.3000 

== ---- _____________ seed : 1
== ---- _____________ seed : 2
== ---- _____________ seed : 3
== ---- _____________ seed : 4
== ---- _____________ seed : 5
== ---- _____________ seed : 6
== ---- _____________ seed : 7
== ---- _____________ seed : 8
== ---- _____________ seed : 9
== ---- _____________ seed : 10
== ---- _____________ seed : 11
== ---- _____________ seed : 12
== ---- _____________ seed : 13
== ---- _____________ seed : 14
== ---- _____________ seed : 15
== ---- _____________ seed : 16
== ---- _____________ seed : 17
== ---- _____________ seed : 18
== ---- _____________ seed : 19
== ---- ===> Fout : 8.340041700208502
numerical TF data saved in : data/RS-cell_seizure_CONFIG1/fe_10.0_fi_20.3.npy
The value of W is 2.7556225525978744e-10
fi = 20.4000 

== ---- _____________ seed : 1
== ---- _____________ seed : 2
== ---- _____________ seed : 3
== ---- _____________ seed : 4
== ---- _____________ seed : 5
== ---- _____________ seed : 6
== ---- _____________ seed : 7
== ---- _____________ seed : 8
== ---- _____________ seed : 9
== ---- _____________ seed : 10
== ---- _____________ seed : 11
== ---- _____________ seed : 12
== ---- _____________ seed : 13
== ---- _____________ seed : 14
== ---- _____________ seed : 15
== ---- _____________ seed : 16
== ---- _____________ seed : 17
== ---- _____________ seed : 18
== ---- _____________ seed : 19
== ---- ===> Fout : 7.920039600198001
numerical TF data saved in : data/RS-cell_seizure_CONFIG1/fe_10.0_fi_20.4.npy
The value of W is 2.6619320461558544e-10
fi = 20.5000 

== ---- _____________ seed : 1
== ---- _____________ seed : 2
== ---- _____________ seed : 3
== ---- _____________ seed : 4
== ---- _____________ seed : 5
== ---- _____________ seed : 6
== ---- _____________ seed : 7
== ---- _____________ seed : 8
== ---- _____________ seed : 9
== ---- _____________ seed : 10
== ---- _____________ seed : 11
== ---- _____________ seed : 12
== ---- _____________ seed : 13
== ---- _____________ seed : 14
== ---- _____________ seed : 15
== ---- _____________ seed : 16
== ---- _____________ seed : 17
== ---- _____________ seed : 18
== ---- _____________ seed : 19
== ---- ===> Fout : 7.980039900199502
numerical TF data saved in : data/RS-cell_seizure_CONFIG1/fe_10.0_fi_20.5.npy
The value of W is 2.688759171822206e-10
fi = 20.6000 

== ---- _____________ seed : 1
== ---- _____________ seed : 2
== ---- _____________ seed : 3
== ---- _____________ seed : 4
== ---- _____________ seed : 5
== ---- _____________ seed : 6
== ---- _____________ seed : 7
== ---- _____________ seed : 8
== ---- _____________ seed : 9
== ---- _____________ seed : 10
== ---- _____________ seed : 11
== ---- _____________ seed : 12
== ---- _____________ seed : 13
== ---- _____________ seed : 14
== ---- _____________ seed : 15
== ---- _____________ seed : 16
== ---- _____________ seed : 17
== ---- _____________ seed : 18
== ---- _____________ seed : 19
== ---- ===> Fout : 7.860039300196502
numerical TF data saved in : data/RS-cell_seizure_CONFIG1/fe_10.0_fi_20.6.npy
The value of W is 2.610497251891252e-10
fi = 20.7000 

== ---- _____________ seed : 1
== ---- _____________ seed : 2
== ---- _____________ seed : 3
== ---- _____________ seed : 4
== ---- _____________ seed : 5
== ---- _____________ seed : 6
== ---- _____________ seed : 7
== ---- _____________ seed : 8
== ---- _____________ seed : 9
== ---- _____________ seed : 10
== ---- _____________ seed : 11
== ---- _____________ seed : 12
== ---- _____________ seed : 13
== ---- _____________ seed : 14
== ---- _____________ seed : 15
== ---- _____________ seed : 16
== ---- _____________ seed : 17
== ---- _____________ seed : 18
== ---- _____________ seed : 19
== ---- ===> Fout : 7.680038400191999
numerical TF data saved in : data/RS-cell_seizure_CONFIG1/fe_10.0_fi_20.7.npy
The value of W is 2.571158131390339e-10
fi = 20.8000 

== ---- _____________ seed : 1
== ---- _____________ seed : 2
== ---- _____________ seed : 3
== ---- _____________ seed : 4
== ---- _____________ seed : 5
== ---- _____________ seed : 6
== ---- _____________ seed : 7
== ---- _____________ seed : 8
== ---- _____________ seed : 9
== ---- _____________ seed : 10
== ---- _____________ seed : 11
== ---- _____________ seed : 12
== ---- _____________ seed : 13
== ---- _____________ seed : 14
== ---- _____________ seed : 15
== ---- _____________ seed : 16
== ---- _____________ seed : 17
== ---- _____________ seed : 18
== ---- _____________ seed : 19
== ---- ===> Fout : 7.4000370001850015
numerical TF data saved in : data/RS-cell_seizure_CONFIG1/fe_10.0_fi_20.8.npy
The value of W is 2.5197702918354724e-10
fi = 20.9000 

== ---- _____________ seed : 1
== ---- _____________ seed : 2
== ---- _____________ seed : 3
== ---- _____________ seed : 4
== ---- _____________ seed : 5
== ---- _____________ seed : 6
== ---- _____________ seed : 7
== ---- _____________ seed : 8
== ---- _____________ seed : 9
== ---- _____________ seed : 10
== ---- _____________ seed : 11
== ---- _____________ seed : 12
== ---- _____________ seed : 13
== ---- _____________ seed : 14
== ---- _____________ seed : 15
== ---- _____________ seed : 16
== ---- _____________ seed : 17
== ---- _____________ seed : 18
== ---- _____________ seed : 19
== ---- ===> Fout : 7.280036400182001
numerical TF data saved in : data/RS-cell_seizure_CONFIG1/fe_10.0_fi_20.9.npy
The value of W is 2.45588759691814e-10
fi = 21.0000 

== ---- _____________ seed : 1
== ---- _____________ seed : 2
== ---- _____________ seed : 3
== ---- _____________ seed : 4
== ---- _____________ seed : 5
== ---- _____________ seed : 6
== ---- _____________ seed : 7
== ---- _____________ seed : 8
== ---- _____________ seed : 9
== ---- _____________ seed : 10
== ---- _____________ seed : 11
== ---- _____________ seed : 12
== ---- _____________ seed : 13
== ---- _____________ seed : 14
== ---- _____________ seed : 15
== ---- _____________ seed : 16
== ---- _____________ seed : 17
== ---- _____________ seed : 18
== ---- _____________ seed : 19
== ---- ===> Fout : 7.360036800184001
numerical TF data saved in : data/RS-cell_seizure_CONFIG1/fe_10.0_fi_21.0.npy
The value of W is 2.443470066379565e-10
fi = 21.1000 

== ---- _____________ seed : 1
== ---- _____________ seed : 2
== ---- _____________ seed : 3
== ---- _____________ seed : 4
== ---- _____________ seed : 5
== ---- _____________ seed : 6
== ---- _____________ seed : 7
== ---- _____________ seed : 8
== ---- _____________ seed : 9
== ---- _____________ seed : 10
== ---- _____________ seed : 11
== ---- _____________ seed : 12
== ---- _____________ seed : 13
== ---- _____________ seed : 14
== ---- _____________ seed : 15
== ---- _____________ seed : 16
== ---- _____________ seed : 17
== ---- _____________ seed : 18
== ---- _____________ seed : 19
== ---- ===> Fout : 7.160035800179001
numerical TF data saved in : data/RS-cell_seizure_CONFIG1/fe_10.0_fi_21.1.npy
The value of W is 2.373844068706142e-10
fi = 21.2000 

== ---- _____________ seed : 1
== ---- _____________ seed : 2
== ---- _____________ seed : 3
== ---- _____________ seed : 4
== ---- _____________ seed : 5
== ---- _____________ seed : 6
== ---- _____________ seed : 7
== ---- _____________ seed : 8
== ---- _____________ seed : 9
== ---- _____________ seed : 10
== ---- _____________ seed : 11
== ---- _____________ seed : 12
== ---- _____________ seed : 13
== ---- _____________ seed : 14
== ---- _____________ seed : 15
== ---- _____________ seed : 16
== ---- _____________ seed : 17
== ---- _____________ seed : 18
== ---- _____________ seed : 19
== ---- ===> Fout : 7.020035100175501
numerical TF data saved in : data/RS-cell_seizure_CONFIG1/fe_10.0_fi_21.2.npy
The value of W is 2.377292947488571e-10
fi = 21.3000 

== ---- _____________ seed : 1
== ---- _____________ seed : 2
== ---- _____________ seed : 3
== ---- _____________ seed : 4
== ---- _____________ seed : 5
== ---- _____________ seed : 6
== ---- _____________ seed : 7
== ---- _____________ seed : 8
== ---- _____________ seed : 9
== ---- _____________ seed : 10
== ---- _____________ seed : 11
== ---- _____________ seed : 12
== ---- _____________ seed : 13
== ---- _____________ seed : 14
== ---- _____________ seed : 15
== ---- _____________ seed : 16
== ---- _____________ seed : 17
== ---- _____________ seed : 18
== ---- _____________ seed : 19
== ---- ===> Fout : 7.040035200176002
numerical TF data saved in : data/RS-cell_seizure_CONFIG1/fe_10.0_fi_21.3.npy
The value of W is 2.312997610623118e-10
fi = 21.4000 

== ---- _____________ seed : 1
== ---- _____________ seed : 2
== ---- _____________ seed : 3
== ---- _____________ seed : 4
== ---- _____________ seed : 5
== ---- _____________ seed : 6
== ---- _____________ seed : 7
== ---- _____________ seed : 8
== ---- _____________ seed : 9
== ---- _____________ seed : 10
== ---- _____________ seed : 11
== ---- _____________ seed : 12
== ---- _____________ seed : 13
== ---- _____________ seed : 14
== ---- _____________ seed : 15
== ---- _____________ seed : 16
== ---- _____________ seed : 17
== ---- _____________ seed : 18
== ---- _____________ seed : 19
== ---- ===> Fout : 6.760033800169
numerical TF data saved in : data/RS-cell_seizure_CONFIG1/fe_10.0_fi_21.4.npy
The value of W is 2.2638778508647743e-10
fi = 21.5000 

== ---- _____________ seed : 1
== ---- _____________ seed : 2
== ---- _____________ seed : 3
== ---- _____________ seed : 4
== ---- _____________ seed : 5
== ---- _____________ seed : 6
== ---- _____________ seed : 7
== ---- _____________ seed : 8
== ---- _____________ seed : 9
== ---- _____________ seed : 10
== ---- _____________ seed : 11
== ---- _____________ seed : 12
== ---- _____________ seed : 13
== ---- _____________ seed : 14
== ---- _____________ seed : 15
== ---- _____________ seed : 16
== ---- _____________ seed : 17
== ---- _____________ seed : 18
== ---- _____________ seed : 19
== ---- ===> Fout : 6.660033300166502
numerical TF data saved in : data/RS-cell_seizure_CONFIG1/fe_10.0_fi_21.5.npy
The value of W is 2.2039639186842924e-10
fi = 21.6000 

== ---- _____________ seed : 1
== ---- _____________ seed : 2
== ---- _____________ seed : 3
== ---- _____________ seed : 4
== ---- _____________ seed : 5
== ---- _____________ seed : 6
== ---- _____________ seed : 7
== ---- _____________ seed : 8
== ---- _____________ seed : 9
== ---- _____________ seed : 10
== ---- _____________ seed : 11
== ---- _____________ seed : 12
== ---- _____________ seed : 13
== ---- _____________ seed : 14
== ---- _____________ seed : 15
== ---- _____________ seed : 16
== ---- _____________ seed : 17
== ---- _____________ seed : 18
== ---- _____________ seed : 19
== ---- ===> Fout : 6.460032300161501
numerical TF data saved in : data/RS-cell_seizure_CONFIG1/fe_10.0_fi_21.6.npy
The value of W is 2.1480935744372017e-10
fi = 21.7000 

== ---- _____________ seed : 1
== ---- _____________ seed : 2
== ---- _____________ seed : 3
== ---- _____________ seed : 4
== ---- _____________ seed : 5
== ---- _____________ seed : 6
== ---- _____________ seed : 7
== ---- _____________ seed : 8
== ---- _____________ seed : 9
== ---- _____________ seed : 10
== ---- _____________ seed : 11
== ---- _____________ seed : 12
== ---- _____________ seed : 13
== ---- _____________ seed : 14
== ---- _____________ seed : 15
== ---- _____________ seed : 16
== ---- _____________ seed : 17
== ---- _____________ seed : 18
== ---- _____________ seed : 19
== ---- ===> Fout : 6.540032700163501
numerical TF data saved in : data/RS-cell_seizure_CONFIG1/fe_10.0_fi_21.7.npy
The value of W is 2.1804272015694234e-10
fi = 21.8000 

== ---- _____________ seed : 1
== ---- _____________ seed : 2
== ---- _____________ seed : 3
== ---- _____________ seed : 4
== ---- _____________ seed : 5
== ---- _____________ seed : 6
== ---- _____________ seed : 7
== ---- _____________ seed : 8
== ---- _____________ seed : 9
== ---- _____________ seed : 10
== ---- _____________ seed : 11
== ---- _____________ seed : 12
== ---- _____________ seed : 13
== ---- _____________ seed : 14
== ---- _____________ seed : 15
== ---- _____________ seed : 16
== ---- _____________ seed : 17
== ---- _____________ seed : 18
== ---- _____________ seed : 19
== ---- ===> Fout : 6.400032000160001
numerical TF data saved in : data/RS-cell_seizure_CONFIG1/fe_10.0_fi_21.8.npy
The value of W is 2.134160155567934e-10
fi = 21.9000 

== ---- _____________ seed : 1
== ---- _____________ seed : 2
== ---- _____________ seed : 3
== ---- _____________ seed : 4
== ---- _____________ seed : 5
== ---- _____________ seed : 6
== ---- _____________ seed : 7
== ---- _____________ seed : 8
== ---- _____________ seed : 9
== ---- _____________ seed : 10
== ---- _____________ seed : 11
== ---- _____________ seed : 12
== ---- _____________ seed : 13
== ---- _____________ seed : 14
== ---- _____________ seed : 15
== ---- _____________ seed : 16
== ---- _____________ seed : 17
== ---- _____________ seed : 18
== ---- _____________ seed : 19
== ---- ===> Fout : 6.140030700153501
numerical TF data saved in : data/RS-cell_seizure_CONFIG1/fe_10.0_fi_21.9.npy
The value of W is 2.0316093804844503e-10
fi = 22.0000 

== ---- _____________ seed : 1
== ---- _____________ seed : 2
== ---- _____________ seed : 3
== ---- _____________ seed : 4
== ---- _____________ seed : 5
== ---- _____________ seed : 6
== ---- _____________ seed : 7
== ---- _____________ seed : 8
== ---- _____________ seed : 9
== ---- _____________ seed : 10
== ---- _____________ seed : 11
== ---- _____________ seed : 12
== ---- _____________ seed : 13
== ---- _____________ seed : 14
== ---- _____________ seed : 15
== ---- _____________ seed : 16
== ---- _____________ seed : 17
== ---- _____________ seed : 18
== ---- _____________ seed : 19
== ---- ===> Fout : 5.740028700143501
numerical TF data saved in : data/RS-cell_seizure_CONFIG1/fe_10.0_fi_22.0.npy
The value of W is 1.936524616465198e-10
fi = 22.1000 

== ---- _____________ seed : 1
== ---- _____________ seed : 2
== ---- _____________ seed : 3
== ---- _____________ seed : 4
== ---- _____________ seed : 5
== ---- _____________ seed : 6
== ---- _____________ seed : 7
== ---- _____________ seed : 8
== ---- _____________ seed : 9
== ---- _____________ seed : 10
== ---- _____________ seed : 11
== ---- _____________ seed : 12
== ---- _____________ seed : 13
== ---- _____________ seed : 14
== ---- _____________ seed : 15
== ---- _____________ seed : 16
== ---- _____________ seed : 17
== ---- _____________ seed : 18
== ---- _____________ seed : 19
== ---- ===> Fout : 5.900029500147502
numerical TF data saved in : data/RS-cell_seizure_CONFIG1/fe_10.0_fi_22.1.npy
The value of W is 1.961950779720193e-10
fi = 22.2000 

== ---- _____________ seed : 1
== ---- _____________ seed : 2
== ---- _____________ seed : 3
== ---- _____________ seed : 4
== ---- _____________ seed : 5
== ---- _____________ seed : 6
== ---- _____________ seed : 7
== ---- _____________ seed : 8
== ---- _____________ seed : 9
== ---- _____________ seed : 10
== ---- _____________ seed : 11
== ---- _____________ seed : 12
== ---- _____________ seed : 13
== ---- _____________ seed : 14
== ---- _____________ seed : 15
== ---- _____________ seed : 16
== ---- _____________ seed : 17
== ---- _____________ seed : 18
== ---- _____________ seed : 19
== ---- ===> Fout : 5.7000285001425
numerical TF data saved in : data/RS-cell_seizure_CONFIG1/fe_10.0_fi_22.2.npy
The value of W is 1.9263938063738906e-10
fi = 22.3000 

== ---- _____________ seed : 1
== ---- _____________ seed : 2
== ---- _____________ seed : 3
== ---- _____________ seed : 4
== ---- _____________ seed : 5
== ---- _____________ seed : 6
== ---- _____________ seed : 7
== ---- _____________ seed : 8
== ---- _____________ seed : 9
== ---- _____________ seed : 10
== ---- _____________ seed : 11
== ---- _____________ seed : 12
== ---- _____________ seed : 13
== ---- _____________ seed : 14
== ---- _____________ seed : 15
== ---- _____________ seed : 16
== ---- _____________ seed : 17
== ---- _____________ seed : 18
== ---- _____________ seed : 19
== ---- ===> Fout : 5.6800284001420005
numerical TF data saved in : data/RS-cell_seizure_CONFIG1/fe_10.0_fi_22.3.npy
The value of W is 1.9007661683379417e-10
fi = 22.4000 

== ---- _____________ seed : 1
== ---- _____________ seed : 2
== ---- _____________ seed : 3
== ---- _____________ seed : 4
== ---- _____________ seed : 5
== ---- _____________ seed : 6
== ---- _____________ seed : 7
== ---- _____________ seed : 8
== ---- _____________ seed : 9
== ---- _____________ seed : 10
== ---- _____________ seed : 11
== ---- _____________ seed : 12
== ---- _____________ seed : 13
== ---- _____________ seed : 14
== ---- _____________ seed : 15
== ---- _____________ seed : 16
== ---- _____________ seed : 17
== ---- _____________ seed : 18
== ---- _____________ seed : 19
== ---- ===> Fout : 5.460027300136501
numerical TF data saved in : data/RS-cell_seizure_CONFIG1/fe_10.0_fi_22.4.npy
The value of W is 1.8393653636605906e-10
fi = 22.5000 

== ---- _____________ seed : 1
== ---- _____________ seed : 2
== ---- _____________ seed : 3
== ---- _____________ seed : 4
== ---- _____________ seed : 5
== ---- _____________ seed : 6
== ---- _____________ seed : 7
== ---- _____________ seed : 8
== ---- _____________ seed : 9
== ---- _____________ seed : 10
== ---- _____________ seed : 11
== ---- _____________ seed : 12
== ---- _____________ seed : 13
== ---- _____________ seed : 14
== ---- _____________ seed : 15
== ---- _____________ seed : 16
== ---- _____________ seed : 17
== ---- _____________ seed : 18
== ---- _____________ seed : 19
== ---- ===> Fout : 5.440027200136001
numerical TF data saved in : data/RS-cell_seizure_CONFIG1/fe_10.0_fi_22.5.npy
The value of W is 1.8270210706028227e-10
fi = 22.6000 

== ---- _____________ seed : 1
== ---- _____________ seed : 2
== ---- _____________ seed : 3
== ---- _____________ seed : 4
== ---- _____________ seed : 5
== ---- _____________ seed : 6
== ---- _____________ seed : 7
== ---- _____________ seed : 8
== ---- _____________ seed : 9
== ---- _____________ seed : 10
== ---- _____________ seed : 11
== ---- _____________ seed : 12
== ---- _____________ seed : 13
== ---- _____________ seed : 14
== ---- _____________ seed : 15
== ---- _____________ seed : 16
== ---- _____________ seed : 17
== ---- _____________ seed : 18
== ---- _____________ seed : 19
== ---- ===> Fout : 5.040025200126001
numerical TF data saved in : data/RS-cell_seizure_CONFIG1/fe_10.0_fi_22.6.npy
The value of W is 1.7223218132671922e-10
fi = 22.7000 

== ---- _____________ seed : 1
== ---- _____________ seed : 2
== ---- _____________ seed : 3
== ---- _____________ seed : 4
== ---- _____________ seed : 5
== ---- _____________ seed : 6
== ---- _____________ seed : 7
== ---- _____________ seed : 8
== ---- _____________ seed : 9
== ---- _____________ seed : 10
== ---- _____________ seed : 11
== ---- _____________ seed : 12
== ---- _____________ seed : 13
== ---- _____________ seed : 14
== ---- _____________ seed : 15
== ---- _____________ seed : 16
== ---- _____________ seed : 17
== ---- _____________ seed : 18
== ---- _____________ seed : 19
== ---- ===> Fout : 5.2600263001315
numerical TF data saved in : data/RS-cell_seizure_CONFIG1/fe_10.0_fi_22.7.npy
The value of W is 1.7588061815941135e-10
fi = 22.8000 

== ---- _____________ seed : 1
== ---- _____________ seed : 2
== ---- _____________ seed : 3
== ---- _____________ seed : 4
== ---- _____________ seed : 5
== ---- _____________ seed : 6
== ---- _____________ seed : 7
== ---- _____________ seed : 8
== ---- _____________ seed : 9
== ---- _____________ seed : 10
== ---- _____________ seed : 11
== ---- _____________ seed : 12
== ---- _____________ seed : 13
== ---- _____________ seed : 14
== ---- _____________ seed : 15
== ---- _____________ seed : 16
== ---- _____________ seed : 17
== ---- _____________ seed : 18
== ---- _____________ seed : 19
== ---- ===> Fout : 4.9000245001225
numerical TF data saved in : data/RS-cell_seizure_CONFIG1/fe_10.0_fi_22.8.npy
The value of W is 1.655059012474137e-10
fi = 22.9000 

== ---- _____________ seed : 1
== ---- _____________ seed : 2
== ---- _____________ seed : 3
== ---- _____________ seed : 4
== ---- _____________ seed : 5
== ---- _____________ seed : 6
== ---- _____________ seed : 7
== ---- _____________ seed : 8
== ---- _____________ seed : 9
== ---- _____________ seed : 10
== ---- _____________ seed : 11
== ---- _____________ seed : 12
== ---- _____________ seed : 13
== ---- _____________ seed : 14
== ---- _____________ seed : 15
== ---- _____________ seed : 16
== ---- _____________ seed : 17
== ---- _____________ seed : 18
== ---- _____________ seed : 19
== ---- ===> Fout : 5.0000250001249995
numerical TF data saved in : data/RS-cell_seizure_CONFIG1/fe_10.0_fi_22.9.npy
The value of W is 1.6835578356023664e-10
fi = 23.0000 

== ---- _____________ seed : 1
== ---- _____________ seed : 2
== ---- _____________ seed : 3
== ---- _____________ seed : 4
== ---- _____________ seed : 5
== ---- _____________ seed : 6
== ---- _____________ seed : 7
== ---- _____________ seed : 8
== ---- _____________ seed : 9
== ---- _____________ seed : 10
== ---- _____________ seed : 11
== ---- _____________ seed : 12
== ---- _____________ seed : 13
== ---- _____________ seed : 14
== ---- _____________ seed : 15
== ---- _____________ seed : 16
== ---- _____________ seed : 17
== ---- _____________ seed : 18
== ---- _____________ seed : 19
== ---- ===> Fout : 4.700023500117501
numerical TF data saved in : data/RS-cell_seizure_CONFIG1/fe_10.0_fi_23.0.npy
The value of W is 1.605119386208053e-10
fi = 23.1000 

== ---- _____________ seed : 1
== ---- _____________ seed : 2
== ---- _____________ seed : 3
== ---- _____________ seed : 4
== ---- _____________ seed : 5
== ---- _____________ seed : 6
== ---- _____________ seed : 7
== ---- _____________ seed : 8
== ---- _____________ seed : 9
== ---- _____________ seed : 10
== ---- _____________ seed : 11
== ---- _____________ seed : 12
== ---- _____________ seed : 13
== ---- _____________ seed : 14
== ---- _____________ seed : 15
== ---- _____________ seed : 16
== ---- _____________ seed : 17
== ---- _____________ seed : 18
== ---- _____________ seed : 19
== ---- ===> Fout : 4.4800224001119995
numerical TF data saved in : data/RS-cell_seizure_CONFIG1/fe_10.0_fi_23.1.npy
The value of W is 1.5396512903314597e-10
