
 fe = 20.0000 

fi = 0 

== ---- _____________ seed : 1
== ---- _____________ seed : 2
== ---- _____________ seed : 3
== ---- _____________ seed : 4
== ---- _____________ seed : 5
== ---- _____________ seed : 6
== ---- _____________ seed : 7
== ---- _____________ seed : 8
== ---- _____________ seed : 9
== ---- _____________ seed : 10
== ---- _____________ seed : 11
== ---- _____________ seed : 12
== ---- _____________ seed : 13
== ---- _____________ seed : 14
== ---- _____________ seed : 15
== ---- _____________ seed : 16
== ---- _____________ seed : 17
== ---- _____________ seed : 18
== ---- _____________ seed : 19
== ---- ===> Fout : 84.8604243021215
numerical TF data saved in : data/RS-cell_seizure_CONFIG1/fe_20.0_fi_0.0.npy
The value of W is 2.8274837647030016e-09
fi = .1000 

== ---- _____________ seed : 1
== ---- _____________ seed : 2
== ---- _____________ seed : 3
== ---- _____________ seed : 4
== ---- _____________ seed : 5
== ---- _____________ seed : 6
== ---- _____________ seed : 7
== ---- _____________ seed : 8
== ---- _____________ seed : 9
== ---- _____________ seed : 10
== ---- _____________ seed : 11
== ---- _____________ seed : 12
== ---- _____________ seed : 13
== ---- _____________ seed : 14
== ---- _____________ seed : 15
== ---- _____________ seed : 16
== ---- _____________ seed : 17
== ---- _____________ seed : 18
== ---- _____________ seed : 19
== ---- ===> Fout : 84.64042320211601
numerical TF data saved in : data/RS-cell_seizure_CONFIG1/fe_20.0_fi_0.1.npy
The value of W is 2.8186653928273832e-09
fi = .2000 

== ---- _____________ seed : 1
== ---- _____________ seed : 2
== ---- _____________ seed : 3
== ---- _____________ seed : 4
== ---- _____________ seed : 5
== ---- _____________ seed : 6
== ---- _____________ seed : 7
== ---- _____________ seed : 8
== ---- _____________ seed : 9
== ---- _____________ seed : 10
== ---- _____________ seed : 11
== ---- _____________ seed : 12
== ---- _____________ seed : 13
== ---- _____________ seed : 14
== ---- _____________ seed : 15
== ---- _____________ seed : 16
== ---- _____________ seed : 17
== ---- _____________ seed : 18
== ---- _____________ seed : 19
== ---- ===> Fout : 84.36042180210902
numerical TF data saved in : data/RS-cell_seizure_CONFIG1/fe_20.0_fi_0.2.npy
The value of W is 2.811668458369238e-09
fi = .3000 

== ---- _____________ seed : 1
== ---- _____________ seed : 2
== ---- _____________ seed : 3
== ---- _____________ seed : 4
== ---- _____________ seed : 5
== ---- _____________ seed : 6
== ---- _____________ seed : 7
== ---- _____________ seed : 8
== ---- _____________ seed : 9
== ---- _____________ seed : 10
== ---- _____________ seed : 11
== ---- _____________ seed : 12
== ---- _____________ seed : 13
== ---- _____________ seed : 14
== ---- _____________ seed : 15
== ---- _____________ seed : 16
== ---- _____________ seed : 17
== ---- _____________ seed : 18
== ---- _____________ seed : 19
== ---- ===> Fout : 84.20042100210503
numerical TF data saved in : data/RS-cell_seizure_CONFIG1/fe_20.0_fi_0.3.npy
The value of W is 2.804623015814157e-09
fi = .4000 

== ---- _____________ seed : 1
== ---- _____________ seed : 2
== ---- _____________ seed : 3
== ---- _____________ seed : 4
== ---- _____________ seed : 5
== ---- _____________ seed : 6
== ---- _____________ seed : 7
== ---- _____________ seed : 8
== ---- _____________ seed : 9
== ---- _____________ seed : 10
== ---- _____________ seed : 11
== ---- _____________ seed : 12
== ---- _____________ seed : 13
== ---- _____________ seed : 14
== ---- _____________ seed : 15
== ---- _____________ seed : 16
== ---- _____________ seed : 17
== ---- _____________ seed : 18
== ---- _____________ seed : 19
== ---- ===> Fout : 84.08042040210202
numerical TF data saved in : data/RS-cell_seizure_CONFIG1/fe_20.0_fi_0.4.npy
The value of W is 2.799124930850427e-09
fi = .5000 

== ---- _____________ seed : 1
== ---- _____________ seed : 2
== ---- _____________ seed : 3
== ---- _____________ seed : 4
== ---- _____________ seed : 5
== ---- _____________ seed : 6
== ---- _____________ seed : 7
== ---- _____________ seed : 8
== ---- _____________ seed : 9
== ---- _____________ seed : 10
== ---- _____________ seed : 11
== ---- _____________ seed : 12
== ---- _____________ seed : 13
== ---- _____________ seed : 14
== ---- _____________ seed : 15
== ---- _____________ seed : 16
== ---- _____________ seed : 17
== ---- _____________ seed : 18
== ---- _____________ seed : 19
== ---- ===> Fout : 83.840419202096
numerical TF data saved in : data/RS-cell_seizure_CONFIG1/fe_20.0_fi_0.5.npy
The value of W is 2.791880187336573e-09
fi = .6000 

== ---- _____________ seed : 1
== ---- _____________ seed : 2
== ---- _____________ seed : 3
== ---- _____________ seed : 4
== ---- _____________ seed : 5
== ---- _____________ seed : 6
== ---- _____________ seed : 7
== ---- _____________ seed : 8
== ---- _____________ seed : 9
== ---- _____________ seed : 10
== ---- _____________ seed : 11
== ---- _____________ seed : 12
== ---- _____________ seed : 13
== ---- _____________ seed : 14
== ---- _____________ seed : 15
== ---- _____________ seed : 16
== ---- _____________ seed : 17
== ---- _____________ seed : 18
== ---- _____________ seed : 19
== ---- ===> Fout : 83.520417602088
numerical TF data saved in : data/RS-cell_seizure_CONFIG1/fe_20.0_fi_0.6.npy
The value of W is 2.782755643068874e-09
fi = .7000 

== ---- _____________ seed : 1
== ---- _____________ seed : 2
== ---- _____________ seed : 3
== ---- _____________ seed : 4
== ---- _____________ seed : 5
== ---- _____________ seed : 6
== ---- _____________ seed : 7
== ---- _____________ seed : 8
== ---- _____________ seed : 9
== ---- _____________ seed : 10
== ---- _____________ seed : 11
== ---- _____________ seed : 12
== ---- _____________ seed : 13
== ---- _____________ seed : 14
== ---- _____________ seed : 15
== ---- _____________ seed : 16
== ---- _____________ seed : 17
== ---- _____________ seed : 18
== ---- _____________ seed : 19
== ---- ===> Fout : 83.50041750208752
numerical TF data saved in : data/RS-cell_seizure_CONFIG1/fe_20.0_fi_0.7.npy
The value of W is 2.7792643879634277e-09
fi = .8000 

== ---- _____________ seed : 1
== ---- _____________ seed : 2
== ---- _____________ seed : 3
== ---- _____________ seed : 4
== ---- _____________ seed : 5
== ---- _____________ seed : 6
== ---- _____________ seed : 7
== ---- _____________ seed : 8
== ---- _____________ seed : 9
== ---- _____________ seed : 10
== ---- _____________ seed : 11
== ---- _____________ seed : 12
== ---- _____________ seed : 13
== ---- _____________ seed : 14
== ---- _____________ seed : 15
== ---- _____________ seed : 16
== ---- _____________ seed : 17
== ---- _____________ seed : 18
== ---- _____________ seed : 19
== ---- ===> Fout : 83.0604153020765
numerical TF data saved in : data/RS-cell_seizure_CONFIG1/fe_20.0_fi_0.8.npy
The value of W is 2.7686875895211577e-09
fi = .9000 

== ---- _____________ seed : 1
== ---- _____________ seed : 2
== ---- _____________ seed : 3
== ---- _____________ seed : 4
== ---- _____________ seed : 5
== ---- _____________ seed : 6
== ---- _____________ seed : 7
== ---- _____________ seed : 8
== ---- _____________ seed : 9
== ---- _____________ seed : 10
== ---- _____________ seed : 11
== ---- _____________ seed : 12
== ---- _____________ seed : 13
== ---- _____________ seed : 14
== ---- _____________ seed : 15
== ---- _____________ seed : 16
== ---- _____________ seed : 17
== ---- _____________ seed : 18
== ---- _____________ seed : 19
== ---- ===> Fout : 82.86041430207152
numerical TF data saved in : data/RS-cell_seizure_CONFIG1/fe_20.0_fi_0.9.npy
The value of W is 2.7627819003321445e-09
fi = 1.0000 

== ---- _____________ seed : 1
== ---- _____________ seed : 2
== ---- _____________ seed : 3
== ---- _____________ seed : 4
== ---- _____________ seed : 5
== ---- _____________ seed : 6
== ---- _____________ seed : 7
== ---- _____________ seed : 8
== ---- _____________ seed : 9
== ---- _____________ seed : 10
== ---- _____________ seed : 11
== ---- _____________ seed : 12
== ---- _____________ seed : 13
== ---- _____________ seed : 14
== ---- _____________ seed : 15
== ---- _____________ seed : 16
== ---- _____________ seed : 17
== ---- _____________ seed : 18
== ---- _____________ seed : 19
== ---- ===> Fout : 82.72041360206802
numerical TF data saved in : data/RS-cell_seizure_CONFIG1/fe_20.0_fi_1.0.npy
The value of W is 2.757045313468561e-09
fi = 1.1000 

== ---- _____________ seed : 1
== ---- _____________ seed : 2
== ---- _____________ seed : 3
== ---- _____________ seed : 4
== ---- _____________ seed : 5
== ---- _____________ seed : 6
== ---- _____________ seed : 7
== ---- _____________ seed : 8
== ---- _____________ seed : 9
== ---- _____________ seed : 10
== ---- _____________ seed : 11
== ---- _____________ seed : 12
== ---- _____________ seed : 13
== ---- _____________ seed : 14
== ---- _____________ seed : 15
== ---- _____________ seed : 16
== ---- _____________ seed : 17
== ---- _____________ seed : 18
== ---- _____________ seed : 19
== ---- ===> Fout : 82.58041290206451
numerical TF data saved in : data/RS-cell_seizure_CONFIG1/fe_20.0_fi_1.1.npy
The value of W is 2.752297098303617e-09
fi = 1.2000 

== ---- _____________ seed : 1
== ---- _____________ seed : 2
== ---- _____________ seed : 3
== ---- _____________ seed : 4
== ---- _____________ seed : 5
== ---- _____________ seed : 6
== ---- _____________ seed : 7
== ---- _____________ seed : 8
== ---- _____________ seed : 9
== ---- _____________ seed : 10
== ---- _____________ seed : 11
== ---- _____________ seed : 12
== ---- _____________ seed : 13
== ---- _____________ seed : 14
== ---- _____________ seed : 15
== ---- _____________ seed : 16
== ---- _____________ seed : 17
== ---- _____________ seed : 18
== ---- _____________ seed : 19
== ---- ===> Fout : 82.38041190205949
numerical TF data saved in : data/RS-cell_seizure_CONFIG1/fe_20.0_fi_1.2.npy
The value of W is 2.7430292264794948e-09
fi = 1.3000 

== ---- _____________ seed : 1
== ---- _____________ seed : 2
== ---- _____________ seed : 3
== ---- _____________ seed : 4
== ---- _____________ seed : 5
== ---- _____________ seed : 6
== ---- _____________ seed : 7
== ---- _____________ seed : 8
== ---- _____________ seed : 9
== ---- _____________ seed : 10
== ---- _____________ seed : 11
== ---- _____________ seed : 12
== ---- _____________ seed : 13
== ---- _____________ seed : 14
== ---- _____________ seed : 15
== ---- _____________ seed : 16
== ---- _____________ seed : 17
== ---- _____________ seed : 18
== ---- _____________ seed : 19
== ---- ===> Fout : 82.120410602053
numerical TF data saved in : data/RS-cell_seizure_CONFIG1/fe_20.0_fi_1.3.npy
The value of W is 2.736930571956851e-09
fi = 1.4000 

== ---- _____________ seed : 1
== ---- _____________ seed : 2
== ---- _____________ seed : 3
== ---- _____________ seed : 4
== ---- _____________ seed : 5
== ---- _____________ seed : 6
== ---- _____________ seed : 7
== ---- _____________ seed : 8
== ---- _____________ seed : 9
== ---- _____________ seed : 10
== ---- _____________ seed : 11
== ---- _____________ seed : 12
== ---- _____________ seed : 13
== ---- _____________ seed : 14
== ---- _____________ seed : 15
== ---- _____________ seed : 16
== ---- _____________ seed : 17
== ---- _____________ seed : 18
== ---- _____________ seed : 19
== ---- ===> Fout : 81.88040940204702
numerical TF data saved in : data/RS-cell_seizure_CONFIG1/fe_20.0_fi_1.4.npy
The value of W is 2.7305690040959363e-09
fi = 1.5000 

== ---- _____________ seed : 1
== ---- _____________ seed : 2
== ---- _____________ seed : 3
== ---- _____________ seed : 4
== ---- _____________ seed : 5
== ---- _____________ seed : 6
== ---- _____________ seed : 7
== ---- _____________ seed : 8
== ---- _____________ seed : 9
== ---- _____________ seed : 10
== ---- _____________ seed : 11
== ---- _____________ seed : 12
== ---- _____________ seed : 13
== ---- _____________ seed : 14
== ---- _____________ seed : 15
== ---- _____________ seed : 16
== ---- _____________ seed : 17
== ---- _____________ seed : 18
== ---- _____________ seed : 19
== ---- ===> Fout : 81.72040860204301
numerical TF data saved in : data/RS-cell_seizure_CONFIG1/fe_20.0_fi_1.5.npy
The value of W is 2.721261076073814e-09
fi = 1.6000 

== ---- _____________ seed : 1
== ---- _____________ seed : 2
== ---- _____________ seed : 3
== ---- _____________ seed : 4
== ---- _____________ seed : 5
== ---- _____________ seed : 6
== ---- _____________ seed : 7
== ---- _____________ seed : 8
== ---- _____________ seed : 9
== ---- _____________ seed : 10
== ---- _____________ seed : 11
== ---- _____________ seed : 12
== ---- _____________ seed : 13
== ---- _____________ seed : 14
== ---- _____________ seed : 15
== ---- _____________ seed : 16
== ---- _____________ seed : 17
== ---- _____________ seed : 18
== ---- _____________ seed : 19
== ---- ===> Fout : 81.64040820204102
numerical TF data saved in : data/RS-cell_seizure_CONFIG1/fe_20.0_fi_1.6.npy
The value of W is 2.7182138387591464e-09
fi = 1.7000 

== ---- _____________ seed : 1
== ---- _____________ seed : 2
== ---- _____________ seed : 3
== ---- _____________ seed : 4
== ---- _____________ seed : 5
== ---- _____________ seed : 6
== ---- _____________ seed : 7
== ---- _____________ seed : 8
== ---- _____________ seed : 9
== ---- _____________ seed : 10
== ---- _____________ seed : 11
== ---- _____________ seed : 12
== ---- _____________ seed : 13
== ---- _____________ seed : 14
== ---- _____________ seed : 15
== ---- _____________ seed : 16
== ---- _____________ seed : 17
== ---- _____________ seed : 18
== ---- _____________ seed : 19
== ---- ===> Fout : 81.42040710203551
numerical TF data saved in : data/RS-cell_seizure_CONFIG1/fe_20.0_fi_1.7.npy
The value of W is 2.7106310514169e-09
fi = 1.8000 

== ---- _____________ seed : 1
== ---- _____________ seed : 2
== ---- _____________ seed : 3
== ---- _____________ seed : 4
== ---- _____________ seed : 5
== ---- _____________ seed : 6
== ---- _____________ seed : 7
== ---- _____________ seed : 8
== ---- _____________ seed : 9
== ---- _____________ seed : 10
== ---- _____________ seed : 11
== ---- _____________ seed : 12
== ---- _____________ seed : 13
== ---- _____________ seed : 14
== ---- _____________ seed : 15
== ---- _____________ seed : 16
== ---- _____________ seed : 17
== ---- _____________ seed : 18
== ---- _____________ seed : 19
== ---- ===> Fout : 81.14040570202852
numerical TF data saved in : data/RS-cell_seizure_CONFIG1/fe_20.0_fi_1.8.npy
The value of W is 2.7024085842848872e-09
fi = 1.9000 

== ---- _____________ seed : 1
== ---- _____________ seed : 2
== ---- _____________ seed : 3
== ---- _____________ seed : 4
== ---- _____________ seed : 5
== ---- _____________ seed : 6
== ---- _____________ seed : 7
== ---- _____________ seed : 8
== ---- _____________ seed : 9
== ---- _____________ seed : 10
== ---- _____________ seed : 11
== ---- _____________ seed : 12
== ---- _____________ seed : 13
== ---- _____________ seed : 14
== ---- _____________ seed : 15
== ---- _____________ seed : 16
== ---- _____________ seed : 17
== ---- _____________ seed : 18
== ---- _____________ seed : 19
== ---- ===> Fout : 80.86040430202151
numerical TF data saved in : data/RS-cell_seizure_CONFIG1/fe_20.0_fi_1.9.npy
The value of W is 2.694884491224422e-09
fi = 2.0000 

== ---- _____________ seed : 1
== ---- _____________ seed : 2
== ---- _____________ seed : 3
== ---- _____________ seed : 4
== ---- _____________ seed : 5
== ---- _____________ seed : 6
== ---- _____________ seed : 7
== ---- _____________ seed : 8
== ---- _____________ seed : 9
== ---- _____________ seed : 10
== ---- _____________ seed : 11
== ---- _____________ seed : 12
== ---- _____________ seed : 13
== ---- _____________ seed : 14
== ---- _____________ seed : 15
== ---- _____________ seed : 16
== ---- _____________ seed : 17
== ---- _____________ seed : 18
== ---- _____________ seed : 19
== ---- ===> Fout : 80.8204041020205
numerical TF data saved in : data/RS-cell_seizure_CONFIG1/fe_20.0_fi_2.0.npy
The value of W is 2.689100050989153e-09
fi = 2.1000 

== ---- _____________ seed : 1
== ---- _____________ seed : 2
== ---- _____________ seed : 3
== ---- _____________ seed : 4
== ---- _____________ seed : 5
== ---- _____________ seed : 6
== ---- _____________ seed : 7
== ---- _____________ seed : 8
== ---- _____________ seed : 9
== ---- _____________ seed : 10
== ---- _____________ seed : 11
== ---- _____________ seed : 12
== ---- _____________ seed : 13
== ---- _____________ seed : 14
== ---- _____________ seed : 15
== ---- _____________ seed : 16
== ---- _____________ seed : 17
== ---- _____________ seed : 18
== ---- _____________ seed : 19
== ---- ===> Fout : 80.46040230201152
numerical TF data saved in : data/RS-cell_seizure_CONFIG1/fe_20.0_fi_2.1.npy
The value of W is 2.681702762207543e-09
fi = 2.2000 

== ---- _____________ seed : 1
== ---- _____________ seed : 2
== ---- _____________ seed : 3
== ---- _____________ seed : 4
== ---- _____________ seed : 5
== ---- _____________ seed : 6
== ---- _____________ seed : 7
== ---- _____________ seed : 8
== ---- _____________ seed : 9
== ---- _____________ seed : 10
== ---- _____________ seed : 11
== ---- _____________ seed : 12
== ---- _____________ seed : 13
== ---- _____________ seed : 14
== ---- _____________ seed : 15
== ---- _____________ seed : 16
== ---- _____________ seed : 17
== ---- _____________ seed : 18
== ---- _____________ seed : 19
== ---- ===> Fout : 80.28040140200702
numerical TF data saved in : data/RS-cell_seizure_CONFIG1/fe_20.0_fi_2.2.npy
The value of W is 2.672232847224964e-09
fi = 2.3000 

== ---- _____________ seed : 1
== ---- _____________ seed : 2
== ---- _____________ seed : 3
== ---- _____________ seed : 4
== ---- _____________ seed : 5
== ---- _____________ seed : 6
== ---- _____________ seed : 7
== ---- _____________ seed : 8
== ---- _____________ seed : 9
== ---- _____________ seed : 10
== ---- _____________ seed : 11
== ---- _____________ seed : 12
== ---- _____________ seed : 13
== ---- _____________ seed : 14
== ---- _____________ seed : 15
== ---- _____________ seed : 16
== ---- _____________ seed : 17
== ---- _____________ seed : 18
== ---- _____________ seed : 19
== ---- ===> Fout : 80.02040010200054
numerical TF data saved in : data/RS-cell_seizure_CONFIG1/fe_20.0_fi_2.3.npy
The value of W is 2.6649969214529466e-09
fi = 2.4000 

== ---- _____________ seed : 1
== ---- _____________ seed : 2
== ---- _____________ seed : 3
== ---- _____________ seed : 4
== ---- _____________ seed : 5
== ---- _____________ seed : 6
== ---- _____________ seed : 7
== ---- _____________ seed : 8
== ---- _____________ seed : 9
== ---- _____________ seed : 10
== ---- _____________ seed : 11
== ---- _____________ seed : 12
== ---- _____________ seed : 13
== ---- _____________ seed : 14
== ---- _____________ seed : 15
== ---- _____________ seed : 16
== ---- _____________ seed : 17
== ---- _____________ seed : 18
== ---- _____________ seed : 19
== ---- ===> Fout : 79.68039840199202
numerical TF data saved in : data/RS-cell_seizure_CONFIG1/fe_20.0_fi_2.4.npy
The value of W is 2.6600303405659717e-09
fi = 2.5000 

== ---- _____________ seed : 1
== ---- _____________ seed : 2
== ---- _____________ seed : 3
== ---- _____________ seed : 4
== ---- _____________ seed : 5
== ---- _____________ seed : 6
== ---- _____________ seed : 7
== ---- _____________ seed : 8
== ---- _____________ seed : 9
== ---- _____________ seed : 10
== ---- _____________ seed : 11
== ---- _____________ seed : 12
== ---- _____________ seed : 13
== ---- _____________ seed : 14
== ---- _____________ seed : 15
== ---- _____________ seed : 16
== ---- _____________ seed : 17
== ---- _____________ seed : 18
== ---- _____________ seed : 19
== ---- ===> Fout : 79.60039800198999
numerical TF data saved in : data/RS-cell_seizure_CONFIG1/fe_20.0_fi_2.5.npy
The value of W is 2.6522586425480644e-09
fi = 2.6000 

== ---- _____________ seed : 1
== ---- _____________ seed : 2
== ---- _____________ seed : 3
== ---- _____________ seed : 4
== ---- _____________ seed : 5
== ---- _____________ seed : 6
== ---- _____________ seed : 7
== ---- _____________ seed : 8
== ---- _____________ seed : 9
== ---- _____________ seed : 10
== ---- _____________ seed : 11
== ---- _____________ seed : 12
== ---- _____________ seed : 13
== ---- _____________ seed : 14
== ---- _____________ seed : 15
== ---- _____________ seed : 16
== ---- _____________ seed : 17
== ---- _____________ seed : 18
== ---- _____________ seed : 19
== ---- ===> Fout : 79.36039680198401
numerical TF data saved in : data/RS-cell_seizure_CONFIG1/fe_20.0_fi_2.6.npy
The value of W is 2.643593304532811e-09
fi = 2.7000 

== ---- _____________ seed : 1
== ---- _____________ seed : 2
== ---- _____________ seed : 3
== ---- _____________ seed : 4
== ---- _____________ seed : 5
== ---- _____________ seed : 6
== ---- _____________ seed : 7
== ---- _____________ seed : 8
== ---- _____________ seed : 9
== ---- _____________ seed : 10
== ---- _____________ seed : 11
== ---- _____________ seed : 12
== ---- _____________ seed : 13
== ---- _____________ seed : 14
== ---- _____________ seed : 15
== ---- _____________ seed : 16
== ---- _____________ seed : 17
== ---- _____________ seed : 18
== ---- _____________ seed : 19
== ---- ===> Fout : 79.1003955019775
numerical TF data saved in : data/RS-cell_seizure_CONFIG1/fe_20.0_fi_2.7.npy
The value of W is 2.636380721185041e-09
fi = 2.8000 

== ---- _____________ seed : 1
== ---- _____________ seed : 2
== ---- _____________ seed : 3
== ---- _____________ seed : 4
== ---- _____________ seed : 5
== ---- _____________ seed : 6
== ---- _____________ seed : 7
== ---- _____________ seed : 8
== ---- _____________ seed : 9
== ---- _____________ seed : 10
== ---- _____________ seed : 11
== ---- _____________ seed : 12
== ---- _____________ seed : 13
== ---- _____________ seed : 14
== ---- _____________ seed : 15
== ---- _____________ seed : 16
== ---- _____________ seed : 17
== ---- _____________ seed : 18
== ---- _____________ seed : 19
== ---- ===> Fout : 78.9803949019745
numerical TF data saved in : data/RS-cell_seizure_CONFIG1/fe_20.0_fi_2.8.npy
The value of W is 2.63270726030865e-09
fi = 2.9000 

== ---- _____________ seed : 1
== ---- _____________ seed : 2
== ---- _____________ seed : 3
== ---- _____________ seed : 4
== ---- _____________ seed : 5
== ---- _____________ seed : 6
== ---- _____________ seed : 7
== ---- _____________ seed : 8
== ---- _____________ seed : 9
== ---- _____________ seed : 10
== ---- _____________ seed : 11
== ---- _____________ seed : 12
== ---- _____________ seed : 13
== ---- _____________ seed : 14
== ---- _____________ seed : 15
== ---- _____________ seed : 16
== ---- _____________ seed : 17
== ---- _____________ seed : 18
== ---- _____________ seed : 19
== ---- ===> Fout : 78.80039400197002
numerical TF data saved in : data/RS-cell_seizure_CONFIG1/fe_20.0_fi_2.9.npy
The value of W is 2.624168323062443e-09
fi = 3.0000 

== ---- _____________ seed : 1
== ---- _____________ seed : 2
== ---- _____________ seed : 3
== ---- _____________ seed : 4
== ---- _____________ seed : 5
== ---- _____________ seed : 6
== ---- _____________ seed : 7
== ---- _____________ seed : 8
== ---- _____________ seed : 9
== ---- _____________ seed : 10
== ---- _____________ seed : 11
== ---- _____________ seed : 12
== ---- _____________ seed : 13
== ---- _____________ seed : 14
== ---- _____________ seed : 15
== ---- _____________ seed : 16
== ---- _____________ seed : 17
== ---- _____________ seed : 18
== ---- _____________ seed : 19
== ---- ===> Fout : 78.52039260196302
numerical TF data saved in : data/RS-cell_seizure_CONFIG1/fe_20.0_fi_3.0.npy
The value of W is 2.6187506893303264e-09
fi = 3.1000 

== ---- _____________ seed : 1
== ---- _____________ seed : 2
== ---- _____________ seed : 3
== ---- _____________ seed : 4
== ---- _____________ seed : 5
== ---- _____________ seed : 6
== ---- _____________ seed : 7
== ---- _____________ seed : 8
== ---- _____________ seed : 9
== ---- _____________ seed : 10
== ---- _____________ seed : 11
== ---- _____________ seed : 12
== ---- _____________ seed : 13
== ---- _____________ seed : 14
== ---- _____________ seed : 15
== ---- _____________ seed : 16
== ---- _____________ seed : 17
== ---- _____________ seed : 18
== ---- _____________ seed : 19
== ---- ===> Fout : 78.22039110195553
numerical TF data saved in : data/RS-cell_seizure_CONFIG1/fe_20.0_fi_3.1.npy
The value of W is 2.6098556991861364e-09
