fe =  0.0   fi =  0.0 
 

== ---- _____________ seed : 1
== ---- _____________ seed : 2
== ---- _____________ seed : 3
== ---- _____________ seed : 4
== ---- _____________ seed : 5
== ---- _____________ seed : 6
== ---- _____________ seed : 7
== ---- _____________ seed : 8
== ---- _____________ seed : 9
== ---- _____________ seed : 10
== ---- _____________ seed : 11
== ---- _____________ seed : 12
== ---- _____________ seed : 13
== ---- _____________ seed : 14
== ---- _____________ seed : 15
== ---- _____________ seed : 16
== ---- _____________ seed : 17
== ---- _____________ seed : 18
== ---- _____________ seed : 19
== ---- ===> Fout : 0.0
numerical TF data saved in : data/RS-cell_BurstNet_CONFIG1/fe_0.0_fi_0.0.npy
The value of W is 4.503123499879817e-14
fe =  0.0   fi =  4.0 
 

== ---- _____________ seed : 1
== ---- _____________ seed : 2
== ---- _____________ seed : 3
== ---- _____________ seed : 4
== ---- _____________ seed : 5
== ---- _____________ seed : 6
== ---- _____________ seed : 7
== ---- _____________ seed : 8
== ---- _____________ seed : 9
== ---- _____________ seed : 10
== ---- _____________ seed : 11
== ---- _____________ seed : 12
== ---- _____________ seed : 13
== ---- _____________ seed : 14
== ---- _____________ seed : 15
== ---- _____________ seed : 16
== ---- _____________ seed : 17
== ---- _____________ seed : 18
== ---- _____________ seed : 19
== ---- ===> Fout : 0.0
numerical TF data saved in : data/RS-cell_BurstNet_CONFIG1/fe_0.0_fi_4.0.npy
The value of W is -3.898914821240573e-11
fe =  0.5   fi =  3.5 
 

== ---- _____________ seed : 1
== ---- _____________ seed : 2
== ---- _____________ seed : 3
== ---- _____________ seed : 4
== ---- _____________ seed : 5
== ---- _____________ seed : 6
== ---- _____________ seed : 7
== ---- _____________ seed : 8
== ---- _____________ seed : 9
== ---- _____________ seed : 10
== ---- _____________ seed : 11
== ---- _____________ seed : 12
== ---- _____________ seed : 13
== ---- _____________ seed : 14
== ---- _____________ seed : 15
== ---- _____________ seed : 16
== ---- _____________ seed : 17
== ---- _____________ seed : 18
== ---- _____________ seed : 19
== ---- ===> Fout : 0.006666700000166667
numerical TF data saved in : data/RS-cell_BurstNet_CONFIG1/fe_0.5_fi_3.5.npy
The value of W is -1.5928241475945394e-11
fe =  1.0   fi =  3.0 
 

== ---- _____________ seed : 1
== ---- _____________ seed : 2
== ---- _____________ seed : 3
== ---- _____________ seed : 4
== ---- _____________ seed : 5
== ---- _____________ seed : 6
== ---- _____________ seed : 7
== ---- _____________ seed : 8
== ---- _____________ seed : 9
== ---- _____________ seed : 10
== ---- _____________ seed : 11
== ---- _____________ seed : 12
== ---- _____________ seed : 13
== ---- _____________ seed : 14
== ---- _____________ seed : 15
== ---- _____________ seed : 16
== ---- _____________ seed : 17
== ---- _____________ seed : 18
== ---- _____________ seed : 19
== ---- ===> Fout : 0.35333510000883334
numerical TF data saved in : data/RS-cell_BurstNet_CONFIG1/fe_1.0_fi_3.0.npy
The value of W is 9.522396455315985e-12
fe =  1.5   fi =  2.5 
 

== ---- _____________ seed : 1
== ---- _____________ seed : 2
== ---- _____________ seed : 3
== ---- _____________ seed : 4
== ---- _____________ seed : 5
== ---- _____________ seed : 6
== ---- _____________ seed : 7
== ---- _____________ seed : 8
== ---- _____________ seed : 9
== ---- _____________ seed : 10
== ---- _____________ seed : 11
== ---- _____________ seed : 12
== ---- _____________ seed : 13
== ---- _____________ seed : 14
== ---- _____________ seed : 15
== ---- _____________ seed : 16
== ---- _____________ seed : 17
== ---- _____________ seed : 18
== ---- _____________ seed : 19
== ---- ===> Fout : 3.4466839000861667
numerical TF data saved in : data/RS-cell_BurstNet_CONFIG1/fe_1.5_fi_2.5.npy
The value of W is 5.523160487488651e-11
fe =  2.0   fi =  2.0 
 

== ---- _____________ seed : 1
== ---- _____________ seed : 2
== ---- _____________ seed : 3
== ---- _____________ seed : 4
== ---- _____________ seed : 5
== ---- _____________ seed : 6
== ---- _____________ seed : 7
== ---- _____________ seed : 8
== ---- _____________ seed : 9
== ---- _____________ seed : 10
== ---- _____________ seed : 11
== ---- _____________ seed : 12
== ---- _____________ seed : 13
== ---- _____________ seed : 14
== ---- _____________ seed : 15
== ---- _____________ seed : 16
== ---- _____________ seed : 17
== ---- _____________ seed : 18
== ---- _____________ seed : 19
== ---- ===> Fout : 9.080045400227002
numerical TF data saved in : data/RS-cell_BurstNet_CONFIG1/fe_2.0_fi_2.0.npy
The value of W is 1.1884593155071205e-10
fe =  2.5   fi =  1.5 
 

== ---- _____________ seed : 1
== ---- _____________ seed : 2
== ---- _____________ seed : 3
== ---- _____________ seed : 4
== ---- _____________ seed : 5
== ---- _____________ seed : 6
== ---- _____________ seed : 7
== ---- _____________ seed : 8
== ---- _____________ seed : 9
== ---- _____________ seed : 10
== ---- _____________ seed : 11
== ---- _____________ seed : 12
== ---- _____________ seed : 13
== ---- _____________ seed : 14
== ---- _____________ seed : 15
== ---- _____________ seed : 16
== ---- _____________ seed : 17
== ---- _____________ seed : 18
== ---- _____________ seed : 19
== ---- ===> Fout : 15.573411200389334
numerical TF data saved in : data/RS-cell_BurstNet_CONFIG1/fe_2.5_fi_1.5.npy
The value of W is 1.8845351462954677e-10
fe =  3.0   fi =  1.0 
 

== ---- _____________ seed : 1
== ---- _____________ seed : 2
== ---- _____________ seed : 3
== ---- _____________ seed : 4
== ---- _____________ seed : 5
== ---- _____________ seed : 6
== ---- _____________ seed : 7
== ---- _____________ seed : 8
== ---- _____________ seed : 9
== ---- _____________ seed : 10
== ---- _____________ seed : 11
== ---- _____________ seed : 12
== ---- _____________ seed : 13
== ---- _____________ seed : 14
== ---- _____________ seed : 15
== ---- _____________ seed : 16
== ---- _____________ seed : 17
== ---- _____________ seed : 18
== ---- _____________ seed : 19
== ---- ===> Fout : 22.746780400568667
numerical TF data saved in : data/RS-cell_BurstNet_CONFIG1/fe_3.0_fi_1.0.npy
The value of W is 2.6102947280259415e-10
fe =  3.5   fi =  0.5 
 

== ---- _____________ seed : 1
== ---- _____________ seed : 2
== ---- _____________ seed : 3
== ---- _____________ seed : 4
== ---- _____________ seed : 5
== ---- _____________ seed : 6
== ---- _____________ seed : 7
== ---- _____________ seed : 8
== ---- _____________ seed : 9
== ---- _____________ seed : 10
== ---- _____________ seed : 11
== ---- _____________ seed : 12
== ---- _____________ seed : 13
== ---- _____________ seed : 14
== ---- _____________ seed : 15
== ---- _____________ seed : 16
== ---- _____________ seed : 17
== ---- _____________ seed : 18
== ---- _____________ seed : 19
== ---- ===> Fout : 29.97348320074933
numerical TF data saved in : data/RS-cell_BurstNet_CONFIG1/fe_3.5_fi_0.5.npy
The value of W is 3.346046552554853e-10
fe =  4.0   fi =  0.0 
 

== ---- _____________ seed : 1
== ---- _____________ seed : 2
== ---- _____________ seed : 3
== ---- _____________ seed : 4
== ---- _____________ seed : 5
== ---- _____________ seed : 6
== ---- _____________ seed : 7
== ---- _____________ seed : 8
== ---- _____________ seed : 9
== ---- _____________ seed : 10
== ---- _____________ seed : 11
== ---- _____________ seed : 12
== ---- _____________ seed : 13
== ---- _____________ seed : 14
== ---- _____________ seed : 15
== ---- _____________ seed : 16
== ---- _____________ seed : 17
== ---- _____________ seed : 18
== ---- _____________ seed : 19
== ---- ===> Fout : 37.38685360093467
numerical TF data saved in : data/RS-cell_BurstNet_CONFIG1/fe_4.0_fi_0.0.npy
The value of W is 4.082918417360158e-10
fe =  4.0   fi =  4.0 
 

== ---- _____________ seed : 1
== ---- _____________ seed : 2
== ---- _____________ seed : 3
== ---- _____________ seed : 4
== ---- _____________ seed : 5
== ---- _____________ seed : 6
== ---- _____________ seed : 7
== ---- _____________ seed : 8
== ---- _____________ seed : 9
== ---- _____________ seed : 10
== ---- _____________ seed : 11
== ---- _____________ seed : 12
== ---- _____________ seed :[[0.0, 0.0], [0.0, 0.5], [0.0, 1.0], [0.0, 1.5], [0.0, 2.0], [0.0, 2.5], [0.0, 3.0], [0.0, 3.5], [0.0, 4.0], [0.5, 0.0], [0.5, 0.5], [0.5, 1.0], [0.5, 1.5], [0.5, 2.0], [0.5, 2.5], [0.5, 3.0], [0.5, 3.5], [0.5, 4.0], [1.0, 0.0], [1.0, 0.5], [1.0, 1.0], [1.0, 1.5], [1.0, 2.0], [1.0, 2.5], [1.0, 3.0], [1.0, 3.5], [1.0, 4.0], [1.5, 0.0], [1.5, 0.5], [1.5, 1.0], [1.5, 1.5], [1.5, 2.0], [1.5, 2.5], [1.5, 3.0], [1.5, 3.5], [1.5, 4.0], [2.0, 0.0], [2.0, 0.5], [2.0, 1.0], [2.0, 1.5], [2.0, 2.0], [2.0, 2.5], [2.0, 3.0], [2.0, 3.5], [2.0, 4.0], [2.5, 0.0], [2.5, 0.5], [2.5, 1.0], [2.5, 1.5], [2.5, 2.0], [2.5, 2.5], [2.5, 3.0], [2.5, 3.5], [2.5, 4.0], [3.0, 0.0], [3.0, 0.5], [3.0, 1.0], [3.0, 1.5], [3.0, 2.0], [3.0, 2.5], [3.0, 3.0], [3.0, 3.5], [3.0, 4.0], [3.5, 0.0], [3.5, 0.5], [3.5, 1.0], [3.5, 1.5], [3.5, 2.0], [3.5, 2.5], [3.5, 3.0], [3.5, 3.5], [3.5, 4.0], [4.0, 0.0], [4.0, 0.5], [4.0, 1.0], [4.0, 1.5], [4.0, 2.0], [4.0, 2.5], [4.0, 3.0], [4.0, 3.5], [4.0, 4.0]]
data/RS-cell_BurstNet_CONFIG1 5e-05 10.0 True 0.0 0.0 20
data/RS-cell_BurstNet_CONFIG1 5e-05 10.0 True 0.0 0.5 20
data/RS-cell_BurstNet_CONFIG1 5e-05 10.0 True 0.0 1.0 20
data/RS-cell_BurstNet_CONFIG1 5e-05 10.0 True 0.0 1.5 20
data/RS-cell_BurstNet_CONFIG1 5e-05 10.0 True 0.0 2.0 20
data/RS-cell_BurstNet_CONFIG1 5e-05 10.0 True 0.0 2.5 20
data/RS-cell_BurstNet_CONFIG1 5e-05 10.0 True 0.0 3.0 20
data/RS-cell_BurstNet_CONFIG1 5e-05 10.0 True 0.0 3.5 20
data/RS-cell_BurstNet_CONFIG1 5e-05 10.0 True 0.0 4.0 20
data/RS-cell_BurstNet_CONFIG1 5e-05 10.0 True 0.5 0.0 20
data/RS-cell_BurstNet_CONFIG1 5e-05 10.0 True 0.5 0.5 20
data/RS-cell_BurstNet_CONFIG1 5e-05 10.0 True 0.5 1.0 20
data/RS-cell_BurstNet_CONFIG1 5e-05 10.0 True 0.5 1.5 20
data/RS-cell_BurstNet_CONFIG1 5e-05 10.0 True 0.5 2.0 20
data/RS-cell_BurstNet_CONFIG1 5e-05 10.0 True 0.5 2.5 20
data/RS-cell_BurstNet_CONFIG1 5e-05 10.0 True 0.5 3.0 20
data/RS-cell_BurstNet_CONFIG1 5e-05 10.0 True 0.5 3.5 20
data/RS-cell_BurstNet_CONFIG1 5e-05 10.0 True 0.5 4.0 20
data/RS-cell_BurstNet_CONFIG1 5e-05 10.0 True 1.0 0.0 20
data/RS-cell_BurstNet_CONFIG1 5e-05 10.0 True 1.0 0.5 20
data/RS-cell_BurstNet_CONFIG1 5e-05 10.0 True 1.0 1.0 20
data/RS-cell_BurstNet_CONFIG1 5e-05 10.0 True 1.0 1.5 20
data/RS-cell_BurstNet_CONFIG1 5e-05 10.0 True 1.0 2.0 20
data/RS-cell_BurstNet_CONFIG1 5e-05 10.0 True 1.0 2.5 20
data/RS-cell_BurstNet_CONFIG1 5e-05 10.0 True 1.0 3.0 20
data/RS-cell_BurstNet_CONFIG1 5e-05 10.0 True 1.0 3.5 20
data/RS-cell_BurstNet_CONFIG1 5e-05 10.0 True 1.0 4.0 20
data/RS-cell_BurstNet_CONFIG1 5e-05 10.0 True 1.5 0.0 20
data/RS-cell_BurstNet_CONFIG1 5e-05 10.0 True 1.5 0.5 20
data/RS-cell_BurstNet_CONFIG1 5e-05 10.0 True 1.5 1.0 20
data/RS-cell_BurstNet_CONFIG1 5e-05 10.0 True 1.5 1.5 20
data/RS-cell_BurstNet_CONFIG1 5e-05 10.0 True 1.5 2.0 20
data/RS-cell_BurstNet_CONFIG1 5e-05 10.0 True 1.5 2.5 20
data/RS-cell_BurstNet_CONFIG1 5e-05 10.0 True 1.5 3.0 20
data/RS-cell_BurstNet_CONFIG1 5e-05 10.0 True 1.5 3.5 20
data/RS-cell_BurstNet_CONFIG1 5e-05 10.0 True 1.5 4.0 20
data/RS-cell_BurstNet_CONFIG1 5e-05 10.0 True 2.0 0.0 20
data/RS-cell_BurstNet_CONFIG1 5e-05 10.0 True 2.0 0.5 20
data/RS-cell_BurstNet_CONFIG1 5e-05 10.0 True 2.0 1.0 20
data/RS-cell_BurstNet_CONFIG1 5e-05 10.0 True 2.0 1.5 20
data/RS-cell_BurstNet_CONFIG1 5e-05 10.0 True 2.0 2.0 20
data/RS-cell_BurstNet_CONFIG1 5e-05 10.0 True 2.0 2.5 20
data/RS-cell_BurstNet_CONFIG1 5e-05 10.0 True 2.0 3.0 20
data/RS-cell_BurstNet_CONFIG1 5e-05 10.0 True 2.0 3.5 20
data/RS-cell_BurstNet_CONFIG1 5e-05 10.0 True 2.0 4.0 20
data/RS-cell_BurstNet_CONFIG1 5e-05 10.0 True 2.5 0.0 20
data/RS-cell_BurstNet_CONFIG1 5e-05 10.0 True 2.5 0.5 20
data/RS-cell_BurstNet_CONFIG1 5e-05 10.0 True 2.5 1.0 20
data/RS-cell_BurstNet_CONFIG1 5e-05 10.0 True 2.5 1.5 20
data/RS-cell_BurstNet_CONFIG1 5e-05 10.0 True 2.5 2.0 20
data/RS-cell_BurstNet_CONFIG1 5e-05 10.0 True 2.5 2.5 20
data/RS-cell_BurstNet_CONFIG1 5e-05 10.0 True 2.5 3.0 20
data/RS-cell_BurstNet_CONFIG1 5e-05 10.0 True 2.5 3.5 20
data/RS-cell_BurstNet_CONFIG1 5e-05 10.0 True 2.5 4.0 20
data/RS-cell_BurstNet_CONFIG1 5e-05 10.0 True 3.0 0.0 20
data/RS-cell_BurstNet_CONFIG1 5e-05 10.0 True 3.0 0.5 20
data/RS-cell_BurstNet_CONFIG1 5e-05 10.0 True 3.0 1.0 20
data/RS-cell_BurstNet_CONFIG1 5e-05 10.0 True 3.0 1.5 20
data/RS-cell_BurstNet_CONFIG1 5e-05 10.0 True 3.0 2.0 20
data/RS-cell_BurstNet_CONFIG1 5e-05 10.0 True 3.0 2.5 20
data/RS-cell_BurstNet_CONFIG1 5e-05 10.0 True 3.0 3.0 20
data/RS-cell_BurstNet_CONFIG1 5e-05 10.0 True 3.0 3.5 20
data/RS-cell_BurstNet_CONFIG1 5e-05 10.0 True 3.0 4.0 20
data/RS-cell_BurstNet_CONFIG1 5e-05 10.0 True 3.5 0.0 20
data/RS-cell_BurstNet_CONFIG1 5e-05 10.0 True 3.5 0.5 20
data/RS-cell_BurstNet_CONFIG1 5e-05 10.0 True 3.5 1.0 20
data/RS-cell_BurstNet_CONFIG1 5e-05 10.0 True 3.5 1.5 20
data/RS-cell_BurstNet_CONFIG1 5e-05 10.0 True 3.5 2.0 20
data/RS-cell_BurstNet_CONFIG1 5e-05 10.0 True 3.5 2.5 20
data/RS-cell_BurstNet_CONFIG1 5e-05 10.0 True 3.5 3.0 20
data/RS-cell_BurstNet_CONFIG1 5e-05 10.0 True 3.5 3.5 20
data/RS-cell_BurstNet_CONFIG1 5e-05 10.0 True 3.5 4.0 20
data/RS-cell_BurstNet_CONFIG1 5e-05 10.0 True 4.0 0.0 20
data/RS-cell_BurstNet_CONFIG1 5e-05 10.0 True 4.0 0.5 20
data/RS-cell_BurstNet_CONFIG1 5e-05 10.0 True 4.0 1.0 20
data/RS-cell_BurstNet_CONFIG1 5e-05 10.0 True 4.0 1.5 20
data/RS-cell_BurstNet_CONFIG1 5e-05 10.0 True 4.0 2.0 20
data/RS-cell_BurstNet_CONFIG1 5e-05 10.0 True 4.0 2.5 20
data/RS-cell_BurstNet_CONFIG1 5e-05 10.0 True 4.0 3.0 20
data/RS-cell_BurstNet_CONFIG1 5e-05 10.0 True 4.0 3.5 20
data/RS-cell_BurstNet_CONFIG1 5e-05 10.0 True 4.0 4.0 20
fe =  0.0   fi =  0.5 
 

== ---- _____________ seed : 1
== ---- _____________ seed : 2
== ---- _____________ seed : 3
== ---- _____________ seed : 4
== ---- _____________ seed : 5
== ---- _____________ seed : 6
== ---- _____________ seed : 7
== ---- _____________ seed : 8
== ---- _____________ seed : 9
== ---- _____________ seed : 10
== ---- _____________ seed : 11
== ---- _____________ seed : 12
== ---- _____________ seed : 13
== ---- _____________ seed : 14
== ---- _____________ seed : 15
== ---- _____________ seed : 16
== ---- _____________ seed : 17
== ---- _____________ seed : 18
== ---- _____________ seed : 19
== ---- ===> Fout : 0.0
numerical TF data saved in : data/RS-cell_BurstNet_CONFIG1/fe_0.0_fi_0.5.npy
The value of W is -7.35282496874983e-12
fe =  0.5   fi =  0.0 
 

== ---- _____________ seed : 1
== ---- _____________ seed : 2
== ---- _____________ seed : 3
== ---- _____________ seed : 4
== ---- _____________ seed : 5
== ---- _____________ seed : 6
== ---- _____________ seed : 7
== ---- _____________ seed : 8
== ---- _____________ seed : 9
== ---- _____________ seed : 10
== ---- _____________ seed : 11
== ---- _____________ seed : 12
== ---- _____________ seed : 13
== ---- _____________ seed : 14
== ---- _____________ seed : 15
== ---- _____________ seed : 16
== ---- _____________ seed : 17
== ---- _____________ seed : 18
== ---- _____________ seed : 19
== ---- ===> Fout : 0.840004200021
numerical TF data saved in : data/RS-cell_BurstNet_CONFIG1/fe_0.5_fi_0.0.npy
The value of W is 3.326648823825338e-11
fe =  0.5   fi =  4.0 
 

== ---- _____________ seed : 1
== ---- _____________ seed : 2
== ---- _____________ seed : 3
== ---- _____________ seed : 4
== ---- _____________ seed : 5
== ---- _____________ seed : 6
== ---- _____________ seed : 7
== ---- _____________ seed : 8
== ---- _____________ seed : 9
== ---- _____________ seed : 10
== ---- _____________ seed : 11
== ---- _____________ seed : 12
== ---- _____________ seed : 13
== ---- _____________ seed : 14
== ---- _____________ seed : 15
== ---- _____________ seed : 16
== ---- _____________ seed : 17
== ---- _____________ seed : 18
== ---- _____________ seed : 19
== ---- ===> Fout : 0.0
numerical TF data saved in : data/RS-cell_BurstNet_CONFIG1/fe_0.5_fi_4.0.npy
The value of W is -1.9860016940778695e-11
fe =  1.0   fi =  3.5 
 

== ---- _____________ seed : 1
== ---- _____________ seed : 2
== ---- _____________ seed : 3
== ---- _____________ seed : 4
== ---- _____________ seed : 5
== ---- _____________ seed : 6
== ---- _____________ seed : 7
== ---- _____________ seed : 8
== ---- _____________ seed : 9
== ---- _____________ seed : 10
== ---- _____________ seed : 11
== ---- _____________ seed : 12
== ---- _____________ seed : 13
== ---- _____________ seed : 14
== ---- _____________ seed : 15
== ---- _____________ seed : 16
== ---- _____________ seed : 17
== ---- _____________ seed : 18
== ---- _____________ seed : 19
== ---- ===> Fout : 0.1866676000046667
numerical TF data saved in : data/RS-cell_BurstNet_CONFIG1/fe_1.0_fi_3.5.npy
The value of W is 3.421984012072097e-12
fe =  1.5   fi =  3.0 
 

== ---- _____________ seed : 1
== ---- _____________ seed : 2
== ---- _____________ seed : 3
== ---- _____________ seed : 4
== ---- _____________ seed : 5
== ---- _____________ seed : 6
== ---- _____________ seed : 7
== ---- _____________ seed : 8
== ---- _____________ seed : 9
== ---- _____________ seed : 10
== ---- _____________ seed : 11
== ---- _____________ seed : 12
== ---- _____________ seed : 13
== ---- _____________ seed : 14
== ---- _____________ seed : 15
== ---- _____________ seed : 16
== ---- _____________ seed : 17
== ---- _____________ seed : 18
== ---- _____________ seed : 19
== ---- ===> Fout : 2.3733452000593336
numerical TF data saved in : data/RS-cell_BurstNet_CONFIG1/fe_1.5_fi_3.0.npy
The value of W is 4.17651770964523e-11
fe =  2.0   fi =  2.5 
 

== ---- _____________ seed : 1
== ---- _____________ seed : 2
== ---- _____________ seed : 3
== ---- _____________ seed : 4
== ---- _____________ seed : 5
== ---- _____________ seed : 6
== ---- _____________ seed : 7
== ---- _____________ seed : 8
== ---- _____________ seed : 9
== ---- _____________ seed : 10
== ---- _____________ seed : 11
== ---- _____________ seed : 12
== ---- _____________ seed : 13
== ---- _____________ seed : 14
== ---- _____________ seed : 15
== ---- _____________ seed : 16
== ---- _____________ seed : 17
== ---- _____________ seed : 18
== ---- _____________ seed : 19
== ---- ===> Fout : 7.400037000185
numerical TF data saved in : data/RS-cell_BurstNet_CONFIG1/fe_2.0_fi_2.5.npy
The value of W is 1.0031341429146423e-10
fe =  2.5   fi =  2.0 
 

== ---- _____________ seed : 1
== ---- _____________ seed : 2
== ---- _____________ seed : 3
== ---- _____________ seed : 4
== ---- _____________ seed : 5
== ---- _____________ seed : 6
== ---- _____________ seed : 7
== ---- _____________ seed : 8
== ---- _____________ seed : 9
== ---- _____________ seed : 10
== ---- _____________ seed : 11
== ---- _____________ seed : 12
== ---- _____________ seed : 13
== ---- _____________ seed : 14
== ---- _____________ seed : 15
== ---- _____________ seed : 16
== ---- _____________ seed : 17
== ---- _____________ seed : 18
== ---- _____________ seed : 19
== ---- ===> Fout : 13.626734800340667
numerical TF data saved in : data/RS-cell_BurstNet_CONFIG1/fe_2.5_fi_2.0.npy
The value of W is 1.682158202130348e-10
fe =  3.0   fi =  1.5 
 

== ---- _____________ seed : 1
== ---- _____________ seed : 2
== ---- _____________ seed : 3
== ---- _____________ seed : 4
== ---- _____________ seed : 5
== ---- _____________ seed : 6
== ---- _____________ seed : 7
== ---- _____________ seed : 8
== ---- _____________ seed : 9
== ---- _____________ seed : 10
== ---- _____________ seed : 11
== ---- _____________ seed : 12
== ---- _____________ seed : 13
== ---- _____________ seed : 14
== ---- _____________ seed : 15
== ---- _____________ seed : 16
== ---- _____________ seed : 17
== ---- _____________ seed : 18
== ---- _____________ seed : 19
== ---- ===> Fout : 20.546769400513668
numerical TF data saved in : data/RS-cell_BurstNet_CONFIG1/fe_3.0_fi_1.5.npy
The value of W is 2.388681485384258e-10
fe =  3.5   fi =  1.0 
 

== ---- _____________ seed : 1
== ---- _____________ seed : 2
== ---- _____________ seed : 3
== ---- _____________ seed : 4
== ---- _____________ seed : 5
== ---- _____________ seed : 6
== ---- _____________ seed : 7
== ---- _____________ seed : 8
== ---- _____________ seed : 9
== ---- _____________ seed : 10
== ---- _____________ seed : 11
== ---- _____________ seed : 12
== ---- _____________ seed : 13
== ---- _____________ seed : 14
== ---- _____________ seed : 15
== ---- _____________ seed : 16
== ---- _____________ seed : 17
== ---- _____________ seed : 18
== ---- _____________ seed : 19
== ---- ===> Fout : 27.580137900689504
numerical TF data saved in : data/RS-cell_BurstNet_CONFIG1/fe_3.5_fi_1.0.npy
The value of W is 3.1073545017873057e-10
fe =  4.0   fi =  0.5 
 

== ---- _____________ seed : 1
== ---- _____________ seed : 2
== ---- _____________ seed : 3
== ---- _____________ seed : 4
== ---- _____________ seed : 5
== ---- _____________ seed : 6
== ---- _____________ seed : 7
== ---- _____________ seed : 8
== ---- _____________ seed : 9
== ---- _____________ seed : 10
== ---- _____________ seed : 11
== ---- _____________ seed : 12
== ---- _____________ seed : 13
== ---- _____________ seed : 14
== ---- _____________ seed : 15
== ---- _____________ seed : 16
== ---- _____________ seed : 17
== ---- _____________ seed : 18
== ---- _____________ seed : 19
== ---- ===> Fout : 34.9401747008735
numerical TF data saved in : data/RS-cell_BurstNet_CONFIG1/fe_4.0_fi_0.5.npy
The value of W is 3.843984392004646e-10
fe =  0.0   fi =  1.0 
 

== ---- _____________ seed : 1
== ---- _____________ seed : 2
== ---- _____________ seed : 3
== ---- _____________ seed : 4
== ---- _____________ seed : 5
== ---- _____________ seed : 6
== ---- _____________ seed : 7
== ---- _____________ seed : 8
== ---- _____________ seed : 9
== ---- _____________ seed : 10
== ---- _____________ seed : 11
== ---- _____________ seed : 12
== ---- _____________ seed : 13
== ---- _____________ seed : 14
== ---- _____________ seed : 15
== ---- _____________ seed : 16
== ---- _____________ seed : 17
== ---- _____________ seed : 18
== ---- _____________ seed : 19
== ---- ===> Fout : 0.0
numerical TF data saved in : data/RS-cell_BurstNet_CONFIG1/fe_0.0_fi_1.0.npy
The value of W is -1.3776053928290813e-11
fe =  0.5   fi =  0.5 
 

== ---- _____________ seed : 1
== ---- _____________ seed : 2
== ---- _____________ seed : 3
== ---- _____________ seed : 4
== ---- _____________ seed : 5
== ---- _____________ seed : 6
== ---- _____________ seed : 7
== ---- _____________ seed : 8
== ---- _____________ seed : 9
== ---- _____________ seed : 10
== ---- _____________ seed : 11
== ---- _____________ seed : 12
== ---- _____________ seed : 13
== ---- _____________ seed : 14
== ---- _____________ seed : 15
== ---- _____________ seed : 16
== ---- _____________ seed : 17
== ---- _____________ seed : 18
== ---- _____________ seed : 19
== ---- ===> Fout : 0.3866686000096667
numerical TF data saved in : data/RS-cell_BurstNet_CONFIG1/fe_0.5_fi_0.5.npy
The value of W is 2.1483691335115922e-11
fe =  1.0   fi =  0.0 
 

== ---- _____________ seed : 1
== ---- _____________ seed : 2
== ---- _____________ seed : 3
== ---- _____________ seed : 4
== ---- _____________ seed : 5
== ---- _____________ seed : 6
== ---- _____________ seed : 7
== ---- _____________ seed : 8
== ---- _____________ seed : 9
== ---- _____________ seed : 10
== ---- _____________ seed : 11
== ---- _____________ seed : 12
== ---- _____________ seed : 13
== ---- _____________ seed : 14
== ---- _____________ seed : 15
== ---- _____________ seed : 16
== ---- _____________ seed : 17
== ---- _____________ seed : 18
== ---- _____________ seed : 19
== ---- ===> Fout : 5.833362500145833
numerical TF data saved in : data/RS-cell_BurstNet_CONFIG1/fe_1.0_fi_0.0.npy
The value of W is 8.88204641841892e-11
fe =  1.0   fi =  4.0 
 

== ---- _____________ seed : 1
== ---- _____________ seed : 2
== ---- _____________ seed : 3
== ---- _____________ seed : 4
== ---- _____________ seed : 5
== ---- _____________ seed : 6
== ---- _____________ seed : 7
== ---- _____________ seed : 8
== ---- _____________ seed : 9
== ---- _____________ seed : 10
== ---- _____________ seed : 11
== ---- _____________ seed : 12
== ---- _____________ seed : 13
== ---- _____________ seed : 14
== ---- _____________ seed : 15
== ---- _____________ seed : 16
== ---- _____________ seed : 17
== ---- _____________ seed : 18
== ---- _____________ seed : 19
== ---- ===> Fout : 0.0
numerical TF data saved in : data/RS-cell_BurstNet_CONFIG1/fe_1.0_fi_4.0.npy
The value of W is -3.450923198397672e-12
fe =  1.5   fi =  3.5 
 

== ---- _____________ seed : 1
== ---- _____________ seed : 2
== ---- _____________ seed : 3
== ---- _____________ seed : 4
== ---- _____________ seed : 5
== ---- _____________ seed : 6
== ---- _____________ seed : 7
== ---- _____________ seed : 8
== ---- _____________ seed : 9
== ---- _____________ seed : 10
== ---- _____________ seed : 11
== ---- _____________ seed : 12
== ---- _____________ seed : 13
== ---- _____________ seed : 14
== ---- _____________ seed : 15
== ---- _____________ seed : 16
== ---- _____________ seed : 17
== ---- _____________ seed : 18
== ---- _____________ seed : 19
== ---- ===> Fout : 1.6066747000401667
numerical TF data saved in : data/RS-cell_BurstNet_CONFIG1/fe_1.5_fi_3.5.npy
The value of W is 3.0377251508820947e-11
fe =  2.0   fi =  3.0 
 

== ---- _____________ seed : 1
== ---- _____________ seed : 2
== ---- _____________ seed : 3
== ---- _____________ seed : 4
== ---- _____________ seed : 5
== ---- _____________ seed : 6
== ---- _____________ seed : 7
== ---- _____________ seed : 8
== ---- _____________ seed : 9
== ---- _____________ seed : 10
== ---- _____________ seed : 11
== ---- _____________ seed : 12
== ---- _____________ seed : 13
== ---- _____________ seed : 14
== ---- _____________ seed : 15
== ---- _____________ seed : 16
== ---- _____________ seed : 17
== ---- _____________ seed : 18
== ---- _____________ seed : 19
== ---- ===> Fout : 5.786695600144666
numerical TF data saved in : data/RS-cell_BurstNet_CONFIG1/fe_2.0_fi_3.0.npy
The value of W is 8.249128868265757e-11
fe =  2.5   fi =  2.5 
 

== ---- _____________ seed : 1
== ---- _____________ seed : 2
== ---- _____________ seed : 3
== ---- _____________ seed : 4
== ---- _____________ seed : 5
== ---- _____________ seed : 6
== ---- _____________ seed : 7
== ---- _____________ seed : 8
== ---- _____________ seed : 9
== ---- _____________ seed : 10
== ---- _____________ seed : 11
== ---- _____________ seed : 12
== ---- _____________ seed : 13
== ---- _____________ seed : 14
== ---- _____________ seed : 15
== ---- _____________ seed : 16
== ---- _____________ seed : 17
== ---- _____________ seed : 18
== ---- _____________ seed : 19
== ---- ===> Fout : 11.766725500294166
numerical TF data saved in : data/RS-cell_BurstNet_CONFIG1/fe_2.5_fi_2.5.npy
The value of W is 1.4793029037970258e-10
fe =  3.0   fi =  2.0 
 

== ---- _____________ seed : 1
== ---- _____________ seed : 2
== ---- _____________ seed : 3
== ---- _____________ seed : 4
== ---- _____________ seed : 5
== ---- _____________ seed : 6
== ---- _____________ seed : 7
== ---- _____________ seed : 8
== ---- _____________ seed : 9
== ---- _____________ seed : 10
== ---- _____________ seed : 11
== ---- _____________ seed : 12
== ---- _____________ seed : 13
== ---- _____________ seed : 14
== ---- _____________ seed : 15
== ---- _____________ seed : 16
== ---- _____________ seed : 17
== ---- _____________ seed : 18
== ---- _____________ seed : 19
== ---- ===> Fout : 18.62675980046567
numerical TF data saved in : data/RS-cell_BurstNet_CONFIG1/fe_3.0_fi_2.0.npy
The value of W is 2.1850352975574655e-10
fe =  3.5   fi =  1.5 
 

== ---- _____________ seed : 1
== ---- _____________ seed : 2
== ---- _____________ seed : 3
== ---- _____________ seed : 4
== ---- _____________ seed : 5
== ---- _____________ seed : 6
== ---- _____________ seed : 7
== ---- _____________ seed : 8
== ---- _____________ seed : 9
== ---- _____________ seed : 10
== ---- _____________ seed : 11
== ---- _____________ seed : 12
== ---- _____________ seed : 13
== ---- _____________ seed : 14
== ---- _____________ seed : 15
== ---- _____________ seed : 16
== ---- _____________ seed : 17
== ---- _____________ seed : 18
== ---- _____________ seed : 19
== ---- ===> Fout : 25.433460500635835
numerical TF data saved in : data/RS-cell_BurstNet_CONFIG1/fe_3.5_fi_1.5.npy
The value of W is 2.886686740854592e-10
fe =  4.0   fi =  1.0 
 

== ---- _____________ seed : 1
== ---- _____________ seed : 2
== ---- _____________ seed : 3
== ---- _____________ seed : 4
== ---- _____________ seed : 5
== ---- _____________ seed : 6
== ---- _____________ seed : 7
== ---- _____________ seed : 8
== ---- _____________ seed : 9
== ---- _____________ seed : 10
== ---- _____________ seed : 11
== ---- _____________ seed : 12
== ---- _____________ seed : 13
== ---- _____________ seed : 14
== ---- _____________ seed : 15
== ---- _____________ seed : 16
== ---- _____________ seed : 17
== ---- _____________ seed : 18
== ---- _____________ seed : 19
== ---- ===> Fout : 32.586829600814674
numerical TF data saved in : data/RS-cell_BurstNet_CONFIG1/fe_4.0_fi_1.0.npy
The value of W is 3.607047983691551e-10
fe =  0.0   fi =  1.5 
 

== ---- _____________ seed : 1
== ---- _____________ seed : 2
== ---- _____________ seed : 3
== ---- _____________ seed : 4
== ---- _____________ seed : 5
== ---- _____________ seed : 6
== ---- _____________ seed : 7
== ---- _____________ seed : 8
== ---- _____________ seed : 9
== ---- _____________ seed : 10
== ---- _____________ seed : 11
== ---- _____________ seed : 12
== ---- _____________ seed : 13
== ---- _____________ seed : 14
== ---- _____________ seed : 15
== ---- _____________ seed : 16
== ---- _____________ seed : 17
== ---- _____________ seed : 18
== ---- _____________ seed : 19
== ---- ===> Fout : 0.0
numerical TF data saved in : data/RS-cell_BurstNet_CONFIG1/fe_0.0_fi_1.5.npy
The value of W is -1.92263056673623e-11
fe =  0.5   fi =  1.0 
 

== ---- _____________ seed : 1
== ---- _____________ seed : 2
== ---- _____________ seed : 3
== ---- _____________ seed : 4
== ---- _____________ seed : 5
== ---- _____________ seed : 6
== ---- _____________ seed : 7
== ---- _____________ seed : 8
== ---- _____________ seed : 9
== ---- _____________ seed : 10
== ---- _____________ seed : 11
== ---- _____________ seed : 12
== ---- _____________ seed : 13
== ---- _____________ seed : 14
== ---- _____________ seed : 15
== ---- _____________ seed : 16
== ---- _____________ seed : 17
== ---- _____________ seed : 18
== ---- _____________ seed : 19
== ---- ===> Fout : 0.12666730000316667
numerical TF data saved in : data/RS-cell_BurstNet_CONFIG1/fe_0.5_fi_1.0.npy
The value of W is 1.1915640371105046e-11
fe =  1.0   fi =  0.5 
 

== ---- _____________ seed : 1
== ---- _____________ seed : 2
== ---- _____________ seed : 3
== ---- _____________ seed : 4
== ---- _____________ seed : 5
== ---- _____________ seed : 6
== ---- _____________ seed : 7
== ---- _____________ seed : 8
== ---- _____________ seed : 9
== ---- _____________ seed : 10
== ---- _____________ seed : 11
== ---- _____________ seed : 12
== ---- _____________ seed : 13
== ---- _____________ seed : 14
== ---- _____________ seed : 15
== ---- _____________ seed : 16
== ---- _____________ seed : 17
== ---- _____________ seed : 18
== ---- _____________ seed : 19
== ---- ===> Fout : 4.320021600108
numerical TF data saved in : data/RS-cell_BurstNet_CONFIG1/fe_1.0_fi_0.5.npy
The value of W is 7.05243376407733e-11
fe =  1.5   fi =  0.0 
 

== ---- _____________ seed : 1
== ---- _____________ seed : 2
== ---- _____________ seed : 3
== ---- _____________ seed : 4
== ---- _____________ seed : 5
== ---- _____________ seed : 6
== ---- _____________ seed : 7
== ---- _____________ seed : 8
== ---- _____________ seed : 9
== ---- _____________ seed : 10
== ---- _____________ seed : 11
== ---- _____________ seed : 12
== ---- _____________ seed : 13
== ---- _____________ seed : 14
== ---- _____________ seed : 15
== ---- _____________ seed : 16
== ---- _____________ seed : 17
== ---- _____________ seed : 18
== ---- _____________ seed : 19
== ---- ===> Fout : 11.366723500284165
numerical TF data saved in : data/RS-cell_BurstNet_CONFIG1/fe_1.5_fi_0.0.npy
The value of W is 1.457855922637401e-10
fe =  1.5   fi =  4.0 
 

== ---- _____________ seed : 1
== ---- _____________ seed : 2
== ---- _____________ seed : 3
== ---- _____________ seed : 4
== ---- _____________ seed : 5
== ---- _____________ seed : 6
== ---- _____________ seed : 7
== ---- _____________ seed : 8
== ---- _____________ seed : 9
== ---- _____________ seed : 10
== ---- _____________ seed : 11
== ---- _____________ seed : 12
== ---- _____________ seed : 13
== ---- _____________ seed : 14
== ---- _____________ seed : 15
== ---- _____________ seed : 16
== ---- _____________ seed : 17
== ---- _____________ seed : 18
== ---- _____________ seed : 19
== ---- ===> Fout : 1.0933388000273334
numerical TF data saved in : data/RS-cell_BurstNet_CONFIG1/fe_1.5_fi_4.0.npy
The value of W is 2.1934063621254408e-11
fe =  2.0   fi =  3.5 
 

== ---- _____________ seed : 1
== ---- _____________ seed : 2
== ---- _____________ seed : 3
== ---- _____________ seed : 4
== ---- _____________ seed : 5
== ---- _____________ seed : 6
== ---- _____________ seed : 7
== ---- _____________ seed : 8
== ---- _____________ seed : 9
== ---- _____________ seed : 10
== ---- _____________ seed : 11
== ---- _____________ seed : 12
== ---- _____________ seed : 13
== ---- _____________ seed : 14
== ---- _____________ seed : 15
== ---- _____________ seed : 16
== ---- _____________ seed : 17
== ---- _____________ seed : 18
== ---- _____________ seed : 19
== ---- ===> Fout : 4.606689700115167
numerical TF data saved in : data/RS-cell_BurstNet_CONFIG1/fe_2.0_fi_3.5.npy
The value of W is 6.788271191578025e-11
fe =  2.5   fi =  3.0 
 

== ---- _____________ seed : 1
== ---- _____________ seed : 2
== ---- _____________ seed : 3
== ---- _____________ seed : 4
== ---- _____________ seed : 5
== ---- _____________ seed : 6
== ---- _____________ seed : 7
== ---- _____________ seed : 8
== ---- _____________ seed : 9
== ---- _____________ seed : 10
== ---- _____________ seed : 11
== ---- _____________ seed : 12
== ---- _____________ seed : 13
== ---- _____________ seed : 14
== ---- _____________ seed : 15
== ---- _____________ seed : 16
== ---- _____________ seed : 17
== ---- _____________ seed : 18
== ---- _____________ seed : 19
== ---- ===> Fout : 9.926716300248167
numerical TF data saved in : data/RS-cell_BurstNet_CONFIG1/fe_2.5_fi_3.0.npy
The value of W is 1.286239813653458e-10
fe =  3.0   fi =  2.5 
 

== ---- _____________ seed : 1
== ---- _____________ seed : 2
== ---- _____________ seed : 3
== ---- _____________ seed : 4
== ---- _____________ seed : 5
== ---- _____________ seed : 6
== ---- _____________ seed : 7
== ---- _____________ seed : 8
== ---- _____________ seed : 9
== ---- _____________ seed : 10
== ---- _____________ seed : 11
== ---- _____________ seed : 12
== ---- _____________ seed : 13
== ---- _____________ seed : 14
== ---- _____________ seed : 15
== ---- _____________ seed : 16
== ---- _____________ seed : 17
== ---- _____________ seed : 18
== ---- _____________ seed : 19
== ---- ===> Fout : 16.4200821004105
numerical TF data saved in : data/RS-cell_BurstNet_CONFIG1/fe_3.0_fi_2.5.npy
The value of W is 1.9634017744707764e-10
fe =  3.5   fi =  2.0 
 

== ---- _____________ seed : 1
== ---- _____________ seed : 2
== ---- _____________ seed : 3
== ---- _____________ seed : 4
== ---- _____________ seed : 5
== ---- _____________ seed : 6
== ---- _____________ seed : 7
== ---- _____________ seed : 8
== ---- _____________ seed : 9
== ---- _____________ seed : 10
== ---- _____________ seed : 11
== ---- _____________ seed : 12
== ---- _____________ seed : 13
== ---- _____________ seed : 14
== ---- _____________ seed : 15
== ---- _____________ seed : 16
== ---- _____________ seed : 17
== ---- _____________ seed : 18
== ---- _____________ seed : 19
== ---- ===> Fout : 23.213449400580338
numerical TF data saved in : data/RS-cell_BurstNet_CONFIG1/fe_3.5_fi_2.0.npy
The value of W is 2.6618602024967045e-10
fe =  4.0   fi =  1.5 
 

== ---- _____________ seed : 1
== ---- _____________ seed : 2
== ---- _____________ seed : 3
== ---- _____________ seed : 4
== ---- _____________ seed : 5
== ---- _____________ seed : 6
== ---- _____________ seed : 7
== ---- _____________ seed : 8
== ---- _____________ seed : 9
== ---- _____________ seed : 10
== ---- _____________ seed : 11
== ---- _____________ seed : 12
== ---- _____________ seed : 13
== ---- _____________ seed : 14
== ---- _____________ seed : 15
== ---- _____________ seed : 16
== ---- _____________ seed : 17
== ---- _____________ seed : 18
== ---- _____________ seed : 19
== ---- ===> Fout : 30.280151400757
numerical TF data saved in : data/RS-cell_BurstNet_CONFIG1/fe_4.0_fi_1.5.npy
The value of W is 3.379519879287291e-10
fe =  0.0   fi =  2.0 
 

== ---- _____________ seed : 1
== ---- _____________ seed : 2
== ---- _____________ seed : 3
== ---- _____________ seed : 4
== ---- _____________ seed : 5
== ---- _____________ seed : 6
== ---- _____________ seed : 7
== ---- _____________ seed : 8
== ---- _____________ seed : 9
== ---- _____________ seed : 10
== ---- _____________ seed : 11
== ---- _____________ seed : 12
== ---- _____________ seed : 13
== ---- _____________ seed : 14
== ---- _____________ seed : 15
== ---- _____________ seed : 16
== ---- _____________ seed : 17
== ---- _____________ seed : 18
== ---- _____________ seed : 19
== ---- ===> Fout : 0.0
numerical TF data saved in : data/RS-cell_BurstNet_CONFIG1/fe_0.0_fi_2.0.npy
The value of W is -2.406839748512185e-11
fe =  0.5   fi =  1.5 
 

== ---- _____________ seed : 1
== ---- _____________ seed : 2
== ---- _____________ seed : 3
== ---- _____________ seed : 4
== ---- _____________ seed : 5
== ---- _____________ seed : 6
== ---- _____________ seed : 7
== ---- _____________ seed : 8
== ---- _____________ seed : 9
== ---- _____________ seed : 10
== ---- _____________ seed : 11
== ---- _____________ seed : 12
== ---- _____________ seed : 13
== ---- _____________ seed : 14
== ---- _____________ seed : 15
== ---- _____________ seed : 16
== ---- _____________ seed : 17
== ---- _____________ seed : 18
== ---- _____________ seed : 19
== ---- ===> Fout : 0.05333360000133334
numerical TF data saved in : data/RS-cell_BurstNet_CONFIG1/fe_0.5_fi_1.5.npy
The value of W is 4.809299552530273e-12
fe =  1.0   fi =  1.0 
 

== ---- _____________ seed : 1
== ---- _____________ seed : 2
== ---- _____________ seed : 3
== ---- _____________ seed : 4
== ---- _____________ seed : 5
== ---- _____________ seed : 6
== ---- _____________ seed : 7
== ---- _____________ seed : 8
== ---- _____________ seed : 9
== ---- _____________ seed : 10
== ---- _____________ seed : 11
== ---- _____________ seed : 12
== ---- _____________ seed : 13
== ---- _____________ seed : 14
== ---- _____________ seed : 15
== ---- _____________ seed : 16
== ---- _____________ seed : 17
== ---- _____________ seed : 18
== ---- _____________ seed : 19
== ---- ===> Fout : 2.9400147000734997
numerical TF data saved in : data/RS-cell_BurstNet_CONFIG1/fe_1.0_fi_1.0.npy
The value of W is 5.319262120213692e-11
fe =  1.5   fi =  0.5 
 

== ---- _____________ seed : 1
== ---- _____________ seed : 2
== ---- _____________ seed : 3
== ---- _____________ seed : 4
== ---- _____________ seed : 5
== ---- _____________ seed : 6
== ---- _____________ seed : 7
== ---- _____________ seed : 8
== ---- _____________ seed : 9
== ---- _____________ seed : 10
== ---- _____________ seed : 11
== ---- _____________ seed : 12
== ---- _____________ seed : 13
== ---- _____________ seed : 14
== ---- _____________ seed : 15
== ---- _____________ seed : 16
== ---- _____________ seed : 17
== ---- _____________ seed : 18
== ---- _____________ seed : 19
== ---- ===> Fout : 9.526714300238165
numerical TF data saved in : data/RS-cell_BurstNet_CONFIG1/fe_1.5_fi_0.5.npy
The value of W is 1.255140963557491e-10
fe =  2.0   fi =  0.0 
 

== ---- _____________ seed : 1
== ---- _____________ seed : 2
== ---- _____________ seed : 3
== ---- _____________ seed : 4
== ---- _____________ seed : 5
== ---- _____________ seed : 6
== ---- _____________ seed : 7
== ---- _____________ seed : 8
== ---- _____________ seed : 9
== ---- _____________ seed : 10
== ---- _____________ seed : 11
== ---- _____________ seed : 12
== ---- _____________ seed : 13
== ---- _____________ seed : 14
== ---- _____________ seed : 15
== ---- _____________ seed : 16
== ---- _____________ seed : 17
== ---- _____________ seed : 18
== ---- _____________ seed : 19
== ---- ===> Fout : 16.900084500422505
numerical TF data saved in : data/RS-cell_BurstNet_CONFIG1/fe_2.0_fi_0.0.npy
The value of W is 2.0203070053621693e-10
fe =  2.0   fi =  4.0 
 

== ---- _____________ seed : 1
== ---- _____________ seed : 2
== ---- _____________ seed : 3
== ---- _____________ seed : 4
== ---- _____________ seed : 5
== ---- _____________ seed : 6
== ---- _____________ seed : 7
== ---- _____________ seed : 8
== ---- _____________ seed : 9
== ---- _____________ seed : 10
== ---- _____________ seed : 11
== ---- _____________ seed : 12
== ---- _____________ seed : 13
== ---- _____________ seed : 14
== ---- _____________ seed : 15
== ---- _____________ seed : 16
== ---- _____________ seed : 17
== ---- _____________ seed : 18
== ---- _____________ seed : 19
== ---- ===> Fout : 3.4266838000856668
numerical TF data saved in : data/RS-cell_BurstNet_CONFIG1/fe_2.0_fi_4.0.npy
The value of W is 5.44268579079376e-11
fe =  2.5   fi =  3.5 
 

== ---- _____________ seed : 1
== ---- _____________ seed : 2
== ---- _____________ seed : 3
== ---- _____________ seed : 4
== ---- _____________ seed : 5
== ---- _____________ seed : 6
== ---- _____________ seed : 7
== ---- _____________ seed : 8
== ---- _____________ seed : 9
== ---- _____________ seed : 10
== ---- _____________ seed : 11
== ---- _____________ seed : 12
== ---- _____________ seed : 13
== ---- _____________ seed : 14
== ---- _____________ seed : 15
== ---- _____________ seed : 16
== ---- _____________ seed : 17
== ---- _____________ seed : 18
== ---- _____________ seed : 19
== ---- ===> Fout : 8.446708900211167
numerical TF data saved in : data/RS-cell_BurstNet_CONFIG1/fe_2.5_fi_3.5.npy
The value of W is 1.1159333711873473e-10
fe =  3.0   fi =  3.0 
 

== ---- _____________ seed : 1
== ---- _____________ seed : 2
== ---- _____________ seed : 3
== ---- _____________ seed : 4
== ---- _____________ seed : 5
== ---- _____________ seed : 6
== ---- _____________ seed : 7
== ---- _____________ seed : 8
== ---- _____________ seed : 9
== ---- _____________ seed : 10
== ---- _____________ seed : 11
== ---- _____________ seed : 12
== ---- _____________ seed : 13
== ---- _____________ seed : 14
== ---- _____________ seed : 15
== ---- _____________ seed : 16
== ---- _____________ seed : 17
== ---- _____________ seed : 18
== ---- _____________ seed : 19
== ---- ===> Fout : 14.506739200362668
numerical TF data saved in : data/RS-cell_BurstNet_CONFIG1/fe_3.0_fi_3.0.npy
The value of W is 1.7557055166292005e-10
fe =  3.5   fi =  2.5 
 

== ---- _____________ seed : 1
== ---- _____________ seed : 2
== ---- _____________ seed : 3
== ---- _____________ seed : 4
== ---- _____________ seed : 5
== ---- _____________ seed : 6
== ---- _____________ seed : 7
== ---- _____________ seed : 8
== ---- _____________ seed : 9
== ---- _____________ seed : 10
== ---- _____________ seed : 11
== ---- _____________ seed : 12
== ---- _____________ seed : 13
== ---- _____________ seed : 14
== ---- _____________ seed : 15
== ---- _____________ seed : 16
== ---- _____________ seed : 17
== ---- _____________ seed : 18
== ---- _____________ seed : 19
== ---- ===> Fout : 21.073438700526836
numerical TF data saved in : data/RS-cell_BurstNet_CONFIG1/fe_3.5_fi_2.5.npy
The value of W is 2.443627942203248e-10
fe =  4.0   fi =  2.0 
 

== ---- _____________ seed : 1
== ---- _____________ seed : 2
== ---- _____________ seed : 3
== ---- _____________ seed : 4
== ---- _____________ seed : 5
== ---- _____________ seed : 6
== ---- _____________ seed : 7
== ---- _____________ seed : 8
== ---- _____________ seed : 9
== ---- _____________ seed : 10
== ---- _____________ seed : 11
== ---- _____________ seed : 12
== ---- _____________ seed : 13
== ---- _____________ seed : 14
== ---- _____________ seed : 15
== ---- _____________ seed : 16
== ---- _____________ seed : 17
== ---- _____________ seed : 18
== ---- _____________ seed : 19
== ---- ===> Fout : 28.093473800702334
numerical TF data saved in : data/RS-cell_BurstNet_CONFIG1/fe_4.0_fi_2.0.npy
The value of W is 3.154641276026587e-10
fe =  0.0   fi =  3.0 
 

== ---- _____________ seed : 1
== ---- _____________ seed : 2
== ---- _____________ seed : 3
== ---- _____________ seed : 4
== ---- _____________ seed : 5
== ---- _____________ seed : 6
== ---- _____________ seed : 7
== ---- _____________ seed : 8
== ---- _____________ seed : 9
== ---- _____________ seed : 10
== ---- _____________ seed : 11
== ---- _____________ seed : 12
== ---- _____________ seed : 13
== ---- _____________ seed : 14
== ---- _____________ seed : 15
== ---- _____________ seed : 16
== ---- _____________ seed : 17
== ---- _____________ seed : 18
== ---- _____________ seed : 19
== ---- ===> Fout : 0.0
numerical TF data saved in : data/RS-cell_BurstNet_CONFIG1/fe_0.0_fi_3.0.npy
The value of W is -3.240679181158151e-11
fe =  0.5   fi =  2.5 
 

== ---- _____________ seed : 1
== ---- _____________ seed : 2
== ---- _____________ seed : 3
== ---- _____________ seed : 4
== ---- _____________ seed : 5
== ---- _____________ seed : 6
== ---- _____________ seed : 7
== ---- _____________ seed : 8
== ---- _____________ seed : 9
== ---- _____________ seed : 10
== ---- _____________ seed : 11
== ---- _____________ seed : 12
== ---- _____________ seed : 13
== ---- _____________ seed : 14
== ---- _____________ seed : 15
== ---- _____________ seed : 16
== ---- _____________ seed : 17
== ---- _____________ seed : 18
== ---- _____________ seed : 19
== ---- ===> Fout : 0.006666700000166667
numerical TF data saved in : data/RS-cell_BurstNet_CONFIG1/fe_0.5_fi_2.5.npy
The value of W is -6.88465997676324e-12
fe =  1.0   fi =  2.0 
 

== ---- _____________ seed : 1
== ---- _____________ seed : 2
== ---- _____________ seed : 3
== ---- _____________ seed : 4
== ---- _____________ seed : 5
== ---- _____________ seed : 6
== ---- _____________ seed : 7
== ---- _____________ seed : 8
== ---- _____________ seed : 9
== ---- _____________ seed : 10
== ---- _____________ seed : 11
== ---- _____________ seed : 12
== ---- _____________ seed : 13
== ---- _____________ seed : 14
== ---- _____________ seed : 15
== ---- _____________ seed : 16
== ---- _____________ seed : 17
== ---- _____________ seed : 18
== ---- _____________ seed : 19
== ---- ===> Fout : 1.2666730000316666
numerical TF data saved in : data/RS-cell_BurstNet_CONFIG1/fe_1.0_fi_2.0.npy
The value of W is 2.7827148266421638e-11
fe =  1.5   fi =  1.5 
 

== ---- _____________ seed : 1
== ---- _____________ seed : 2
== ---- _____________ seed : 3
== ---- _____________ seed : 4
== ---- _____________ seed : 5
== ---- _____________ seed : 6
== ---- _____________ seed : 7
== ---- _____________ seed : 8
== ---- _____________ seed : 9
== ---- _____________ seed : 10
== ---- _____________ seed : 11
== ---- _____________ seed : 12
== ---- _____________ seed : 13
== ---- _____________ seed : 14
== ---- _____________ seed : 15
== ---- _____________ seed : 16
== ---- _____________ seed : 17
== ---- _____________ seed : 18
== ---- _____________ seed : 19
== ---- ===> Fout : 6.1400307001535
numerical TF data saved in : data/RS-cell_BurstNet_CONFIG1/fe_1.5_fi_1.5.npy
The value of W is 8.72930978948773e-11
fe =  2.0   fi =  1.0 
 

== ---- _____________ seed : 1
== ---- _____________ seed : 2
== ---- _____________ seed : 3
== ---- _____________ seed : 4
== ---- _____________ seed : 5
== ---- _____________ seed : 6
== ---- _____________ seed : 7
== ---- _____________ seed : 8
== ---- _____________ seed : 9
== ---- _____________ seed : 10
== ---- _____________ seed : 11
== ---- _____________ seed : 12
== ---- _____________ seed : 13
== ---- _____________ seed : 14
== ---- _____________ seed : 15
== ---- _____________ seed : 16
== ---- _____________ seed : 17
== ---- _____________ seed : 18
== ---- _____________ seed : 19
== ---- ===> Fout : 12.640063200316002
numerical TF data saved in : data/RS-cell_BurstNet_CONFIG1/fe_2.0_fi_1.0.npy
The value of W is 1.5774779511292427e-10
fe =  2.5   fi =  0.5 
 

== ---- _____________ seed : 1
== ---- _____________ seed : 2
== ---- _____________ seed : 3
== ---- _____________ seed : 4
== ---- _____________ seed : 5
== ---- _____________ seed : 6
== ---- _____________ seed : 7
== ---- _____________ seed : 8
== ---- _____________ seed : 9
== ---- _____________ seed : 10
== ---- _____________ seed : 11
== ---- _____________ seed : 12
== ---- _____________ seed : 13
== ---- _____________ seed : 14
== ---- _____________ seed : 15
== ---- _____________ seed : 16
== ---- _____________ seed : 17
== ---- _____________ seed : 18
== ---- _____________ seed : 19
== ---- ===> Fout : 19.7800989004945
numerical TF data saved in : data/RS-cell_BurstNet_CONFIG1/fe_2.5_fi_0.5.npy
The value of W is 2.3220585139812488e-10
fe =  3.0   fi =  0.0 
 

== ---- _____________ seed : 1
== ---- _____________ seed : 2
== ---- _____________ seed : 3
== ---- _____________ seed : 4
== ---- _____________ seed : 5
== ---- _____________ seed : 6
== ---- _____________ seed : 7
== ---- _____________ seed : 8
== ---- _____________ seed : 9
== ---- _____________ seed : 10
== ---- _____________ seed : 11
== ---- _____________ seed : 12
== ---- _____________ seed : 13
== ---- _____________ seed : 14
== ---- _____________ seed : 15
== ---- _____________ seed : 16
== ---- _____________ seed : 17
== ---- _____________ seed : 18
== ---- _____________ seed : 19
== ---- ===> Fout : 27.300136500682505
numerical TF data saved in : data/RS-cell_BurstNet_CONFIG1/fe_3.0_fi_0.0.npy
The value of W is 3.0713464266831627e-10
fe =  3.0   fi =  4.0 
 

== ---- _____________ seed : 1
== ---- _____________ seed : 2
== ---- _____________ seed : 3
== ---- _____________ seed : 4
== ---- _____________ seed : 5
== ---- _____________ seed : 6
== ---- _____________ seed : 7
== ---- _____________ seed : 8
== ---- _____________ seed : 9
== ---- _____________ seed : 10
== ---- _____________ seed : 11
== ---- _____________ seed : 12
== ---- _____________ seed : 13
== ---- _____________ seed : 14
== ---- _____________ seed : 15
== ---- _____________ seed : 16
== ---- _____________ seed : 17
== ---- _____________ seed : 18
== ---- _____________ seed : 19
== ---- ===> Fout : 10.786720600269666
numerical TF data saved in : data/RS-cell_BurstNet_CONFIG1/fe_3.0_fi_4.0.npy
The value of W is 1.374643328628873e-10
fe =  3.5   fi =  3.5 
 

== ---- _____________ seed : 1
== ---- _____________ seed : 2
== ---- _____________ seed : 3
== ---- _____________ seed : 4
== ---- _____________ seed : 5
== ---- _____________ seed : 6
== ---- _____________ seed : 7
== ---- _____________ seed : 8
== ---- _____________ seed : 9
== ---- _____________ seed : 10
== ---- _____________ seed : 11
== ---- _____________ seed : 12
== ---- _____________ seed : 13
== ---- _____________ seed : 14
== ---- _____________ seed : 15
== ---- _____________ seed : 16
== ---- _____________ seed : 17
== ---- _____________ seed : 18
== ---- _____________ seed : 19
== ---- ===> Fout : 16.953418100423836
numerical TF data saved in : data/RS-cell_BurstNet_CONFIG1/fe_3.5_fi_3.5.npy
The value of W is 2.023710803496939e-10
fe =  4.0   fi =  3.0 
 

== ---- _____________ seed : 1
== ---- _____________ seed : 2
== ---- _____________ seed : 3
== ---- _____________ seed : 4
== ---- _____________ seed : 5
== ---- _____________ seed : 6
== ---- _____________ seed : 7
== ---- _____________ seed : 8
== ---- _____________ seed : 9
== ---- _____________ seed : 10
== ---- _____________ seed : 11
== ---- _____________ seed : 12
== ---- _____________ seed : 13
== ---- _____________ seed : 14
== ---- _____________ seed : 15
== ---- _____________ seed : 16
== ---- _____________ seed : 17
== ---- _____________ seed : 18
== ---- _____________ seed : 19
== ---- ===> Fout : 23.66678500059167
numerical TF data saved in : data/RS-cell_BurstNet_CONFIG1/fe_4.0_fi_3.0.npy
The value of W is 2.7068493374962634e-10
 13
== ---- _____________ seed : 14
== ---- _____________ seed : 15
== ---- _____________ seed : 16
== ---- _____________ seed : 17
== ---- _____________ seed : 18
== ---- _____________ seed : 19
== ---- ===> Fout : 19.493430800487335
numerical TF data saved in : data/RS-cell_BurstNet_CONFIG1/fe_4.0_fi_4.0.npy
The value of W is 2.2826611820358137e-10
fe =  0.0   fi =  3.5 
 

== ---- _____________ seed : 1
== ---- _____________ seed : 2
== ---- _____________ seed : 3
== ---- _____________ seed : 4
== ---- _____________ seed : 5
== ---- _____________ seed : 6
== ---- _____________ seed : 7
== ---- _____________ seed : 8
== ---- _____________ seed : 9
== ---- _____________ seed : 10
== ---- _____________ seed : 11
== ---- _____________ seed : 12
== ---- _____________ seed : 13
== ---- _____________ seed : 14
== ---- _____________ seed : 15
== ---- _____________ seed : 16
== ---- _____________ seed : 17
== ---- _____________ seed : 18
== ---- _____________ seed : 19
== ---- ===> Fout : 0.0
numerical TF data saved in : data/RS-cell_BurstNet_CONFIG1/fe_0.0_fi_3.5.npy
The value of W is -3.584621750473109e-11
fe =  0.5   fi =  3.0 
 

== ---- _____________ seed : 1
== ---- _____________ seed : 2
== ---- _____________ seed : 3
== ---- _____________ seed : 4
== ---- _____________ seed : 5
== ---- _____________ seed : 6
== ---- _____________ seed : 7
== ---- _____________ seed : 8
== ---- _____________ seed : 9
== ---- _____________ seed : 10
== ---- _____________ seed : 11
== ---- _____________ seed : 12
== ---- _____________ seed : 13
== ---- _____________ seed : 14
== ---- _____________ seed : 15
== ---- _____________ seed : 16
== ---- _____________ seed : 17
== ---- _____________ seed : 18
== ---- _____________ seed : 19
== ---- ===> Fout : 0.006666700000166667
numerical TF data saved in : data/RS-cell_BurstNet_CONFIG1/fe_0.5_fi_3.0.npy
The value of W is -1.1647649249612278e-11
fe =  1.0   fi =  2.5 
 

== ---- _____________ seed : 1
== ---- _____________ seed : 2
== ---- _____________ seed : 3
== ---- _____________ seed : 4
== ---- _____________ seed : 5
== ---- _____________ seed : 6
== ---- _____________ seed : 7
== ---- _____________ seed : 8
== ---- _____________ seed : 9
== ---- _____________ seed : 10
== ---- _____________ seed : 11
== ---- _____________ seed : 12
== ---- _____________ seed : 13
== ---- _____________ seed : 14
== ---- _____________ seed : 15
== ---- _____________ seed : 16
== ---- _____________ seed : 17
== ---- _____________ seed : 18
== ---- _____________ seed : 19
== ---- ===> Fout : 0.7000035000175002
numerical TF data saved in : data/RS-cell_BurstNet_CONFIG1/fe_1.0_fi_2.5.npy
The value of W is 1.750342237275276e-11
fe =  1.5   fi =  2.0 
 

== ---- _____________ seed : 1
== ---- _____________ seed : 2
== ---- _____________ seed : 3
== ---- _____________ seed : 4
== ---- _____________ seed : 5
== ---- _____________ seed : 6
== ---- _____________ seed : 7
== ---- _____________ seed : 8
== ---- _____________ seed : 9
== ---- _____________ seed : 10
== ---- _____________ seed : 11
== ---- _____________ seed : 12
== ---- _____________ seed : 13
== ---- _____________ seed : 14
== ---- _____________ seed : 15
== ---- _____________ seed : 16
== ---- _____________ seed : 17
== ---- _____________ seed : 18
== ---- _____________ seed : 19
== ---- ===> Fout : 4.653356600116334
numerical TF data saved in : data/RS-cell_BurstNet_CONFIG1/fe_1.5_fi_2.0.npy
The value of W is 7.027357569504682e-11
fe =  2.0   fi =  1.5 
 

== ---- _____________ seed : 1
== ---- _____________ seed : 2
== ---- _____________ seed : 3
== ---- _____________ seed : 4
== ---- _____________ seed : 5
== ---- _____________ seed : 6
== ---- _____________ seed : 7
== ---- _____________ seed : 8
== ---- _____________ seed : 9
== ---- _____________ seed : 10
== ---- _____________ seed : 11
== ---- _____________ seed : 12
== ---- _____________ seed : 13
== ---- _____________ seed : 14
== ---- _____________ seed : 15
== ---- _____________ seed : 16
== ---- _____________ seed : 17
== ---- _____________ seed : 18
== ---- _____________ seed : 19
== ---- ===> Fout : 10.833387500270835
numerical TF data saved in : data/RS-cell_BurstNet_CONFIG1/fe_2.0_fi_1.5.npy
The value of W is 1.382959402227779e-10
fe =  2.5   fi =  1.0 
 

== ---- _____________ seed : 1
== ---- _____________ seed : 2
== ---- _____________ seed : 3
== ---- _____________ seed : 4
== ---- _____________ seed : 5
== ---- _____________ seed : 6
== ---- _____________ seed : 7
== ---- _____________ seed : 8
== ---- _____________ seed : 9
== ---- _____________ seed : 10
== ---- _____________ seed : 11
== ---- _____________ seed : 12
== ---- _____________ seed : 13
== ---- _____________ seed : 14
== ---- _____________ seed : 15
== ---- _____________ seed : 16
== ---- _____________ seed : 17
== ---- _____________ seed : 18
== ---- _____________ seed : 19
== ---- ===> Fout : 17.600088000440003
numerical TF data saved in : data/RS-cell_BurstNet_CONFIG1/fe_2.5_fi_1.0.npy
The value of W is 2.0969441805868552e-10
fe =  3.0   fi =  0.5 
 

== ---- _____________ seed : 1
== ---- _____________ seed : 2
== ---- _____________ seed : 3
== ---- _____________ seed : 4
== ---- _____________ seed : 5
== ---- _____________ seed : 6
== ---- _____________ seed : 7
== ---- _____________ seed : 8
== ---- _____________ seed : 9
== ---- _____________ seed : 10
== ---- _____________ seed : 11
== ---- _____________ seed : 12
== ---- _____________ seed : 13
== ---- _____________ seed : 14
== ---- _____________ seed : 15
== ---- _____________ seed : 16
== ---- _____________ seed : 17
== ---- _____________ seed : 18
== ---- _____________ seed : 19
== ---- ===> Fout : 24.9401247006235
numerical TF data saved in : data/RS-cell_BurstNet_CONFIG1/fe_3.0_fi_0.5.npy
The value of W is 2.835604927317397e-10
fe =  3.5   fi =  0.0 
 

== ---- _____________ seed : 1
== ---- _____________ seed : 2
== ---- _____________ seed : 3
== ---- _____________ seed : 4
== ---- _____________ seed : 5
== ---- _____________ seed : 6
== ---- _____________ seed : 7
== ---- _____________ seed : 8
== ---- _____________ seed : 9
== ---- _____________ seed : 10
== ---- _____________ seed : 11
== ---- _____________ seed : 12
== ---- _____________ seed : 13
== ---- _____________ seed : 14
== ---- _____________ seed : 15
== ---- _____________ seed : 16
== ---- _____________ seed : 17
== ---- _____________ seed : 18
== ---- _____________ seed : 19
== ---- ===> Fout : 32.32682830080817
numerical TF data saved in : data/RS-cell_BurstNet_CONFIG1/fe_3.5_fi_0.0.npy
The value of W is 3.579496194421817e-10
fe =  3.5   fi =  4.0 
 

== ---- _____________ seed : 1
== ---- _____________ seed : 2
== ---- _____________ seed : 3
== ---- _____________ seed : 4
== ---- _____________ seed : 5
== ---- _____________ seed : 6
== ---- _____________ seed : 7
== ---- _____________ seed : 8
== ---- _____________ seed : 9
== ---- _____________ seed : 10
== ---- _____________ seed : 11
== ---- _____________ seed : 12
== ---- _____________ seed : 13
== ---- _____________ seed : 14
== ---- _____________ seed : 15
== ---- _____________ seed : 16
== ---- _____________ seed : 17
== ---- _____________ seed : 18
== ---- _____________ seed : 19
== ---- ===> Fout : 15.160075800379001
numerical TF data saved in : data/RS-cell_BurstNet_CONFIG1/fe_3.5_fi_4.0.npy
The value of W is 1.8331481491291192e-10
fe =  4.0   fi =  3.5 
 

== ---- _____________ seed : 1
== ---- _____________ seed : 2
== ---- _____________ seed : 3
== ---- _____________ seed : 4
== ---- _____________ seed : 5
== ---- _____________ seed : 6
== ---- _____________ seed : 7
== ---- _____________ seed : 8
== ---- _____________ seed : 9
== ---- _____________ seed : 10
== ---- _____________ seed : 11
== ---- _____________ seed : 12
== ---- _____________ seed : 13
== ---- _____________ seed : 14
== ---- _____________ seed : 15
== ---- _____________ seed : 16
== ---- _____________ seed : 17
== ---- _____________ seed : 18
== ---- _____________ seed : 19
== ---- ===> Fout : 21.66677500054167
numerical TF data saved in : data/RS-cell_BurstNet_CONFIG1/fe_4.0_fi_3.5.npy
The value of W is 2.50491952406468e-10
