
 fe = 0 

fi = 20.0000 

== ---- _____________ seed : 1
== ---- _____________ seed : 2
== ---- _____________ seed : 3
== ---- _____________ seed : 4
== ---- _____________ seed : 5
== ---- _____________ seed : 6
== ---- _____________ seed : 7
== ---- _____________ seed : 8
== ---- _____________ seed : 9
== ---- _____________ seed : 10
== ---- _____________ seed : 11
== ---- _____________ seed : 12
== ---- _____________ seed : 13
== ---- _____________ seed : 14
== ---- _____________ seed : 15
== ---- _____________ seed : 16
== ---- _____________ seed : 17
== ---- _____________ seed : 18
== ---- _____________ seed : 19
== ---- ===> Fout : 0.0
numerical TF data saved in : data/RS-cell_CONFIG1/fe_0.0_fi_20.0.npy
The value of W is 0.0
fi = 20.5000 

== ---- _____________ seed : 1
== ---- _____________ seed : 2
== ---- _____________ seed : 3
== ---- _____________ seed : 4
== ---- _____________ seed : 5
== ---- _____________ seed : 6
== ---- _____________ seed : 7
== ---- _____________ seed : 8
== ---- _____________ seed : 9
== ---- _____________ seed : 10
== ---- _____________ seed : 11
== ---- _____________ seed : 12
== ---- _____________ seed : 13
== ---- _____________ seed : 14
== ---- _____________ seed : 15
== ---- _____________ seed : 16
== ---- _____________ seed : 17
== ---- _____________ seed : 18
== ---- _____________ seed : 19
== ---- ===> Fout : 0.0
numerical TF data saved in : data/RS-cell_CONFIG1/fe_0.0_fi_20.5.npy
The value of W is 0.0
